This file contains any messages produced by compilers while
running configure, to aid debugging if configure makes a mistake.

It was created by pcap configure 1.11.0-PRE-GIT, which was
generated by GNU Autoconf 2.71.  Invocation command line was

  $ ./configure

## --------- ##
## Platform. ##
## --------- ##

hostname = TimPC
uname -m = x86_64
uname -r = 5.15.133.1-microsoft-standard-WSL2
uname -s = Linux
uname -v = #1 SMP Thu Oct 5 21:02:42 UTC 2023

/usr/bin/uname -p = x86_64
/bin/uname -X     = unknown

/bin/arch              = x86_64
/usr/bin/arch -k       = unknown
/usr/convex/getsysinfo = unknown
/usr/bin/hostinfo      = unknown
/bin/machine           = unknown
/usr/bin/oslevel       = unknown
/bin/universe          = unknown

PATH: /usr/local/sbin/
PATH: /usr/local/bin/
PATH: /usr/sbin/
PATH: /usr/bin/
PATH: /sbin/
PATH: /bin/
PATH: /usr/games/
PATH: /usr/local/games/
PATH: /usr/lib/wsl/lib/
PATH: /mnt/c/Program Files/Common Files/Oracle/Java/javapath/
PATH: /mnt/c/Program Files (x86)/Common Files/Oracle/Java/javapath/
PATH: /mnt/c/Windows/System32/HWAudioDriverLibs/
PATH: /mnt/c/Windows/system32/
PATH: /mnt/c/Windows/
PATH: /mnt/c/Windows/System32/Wbem/
PATH: /mnt/c/Windows/System32/WindowsPowerShell/v1.0/
PATH: /mnt/c/Windows/System32/OpenSSH/
PATH: /mnt/c/Users/Administrator/AppData/Local/Microsoft/WindowsApps/
PATH: /mnt/c/WINDOWS/system32/
PATH: /mnt/c/WINDOWS/
PATH: /mnt/c/WINDOWS/System32/Wbem/
PATH: /mnt/c/WINDOWS/System32/WindowsPowerShell/v1.0/
PATH: /mnt/c/WINDOWS/System32/OpenSSH/
PATH: /mnt/c/Program Files/dotnet/
PATH: /mnt/c/Program Files/Git/cmd/
PATH: /Docker/host/bin/
PATH: /mnt/c/Program Files/RedHat/Podman/
PATH: /mnt/c/Program Files/CMake/bin/
PATH: /mnt/c/Windows/Microsoft.NET/Framework64/v2.0.50727/
PATH: /mnt/c/WINDOWS/system32/config/systemprofile/AppData/Local/Microsoft/WindowsApps/
PATH: /mnt/c/windows/system32/HWAudioDriver/
PATH: /mnt/c/Users/timae/AppData/Local/Programs/Python/Python312/Scripts/
PATH: /mnt/c/Users/timae/AppData/Local/Programs/Python/Python312/
PATH: /mnt/c/Users/timae/AppData/Local/Microsoft/WindowsApps/
PATH: /mnt/c/Users/timae/AppData/Local/Programs/Microsoft VS Code/bin/
PATH: /mnt/c/Users/timae/AppData/Local/GitHubDesktop/bin/
PATH: /mnt/c/Users/timae/.dotnet/tools/
PATH: /mnt/c/Users/timae/appdata/local/githubdesktop/bin/


## ----------- ##
## Core tests. ##
## ----------- ##

configure:2782: looking for aux files: install-sh config.guess config.sub
configure:2795:  trying ./
configure:2806:   ./install-sh found
configure:2824:   ./config.guess found
configure:2824:   ./config.sub found
configure:3023: checking build system type
configure:3038: result: x86_64-pc-linux-gnu
configure:3058: checking host system type
configure:3072: result: x86_64-pc-linux-gnu
configure:3183: checking for gcc
configure:3204: found /usr/bin/gcc
configure:3215: result: gcc
configure:3568: checking for C compiler version
configure:3577: gcc --version >&5
gcc (Ubuntu 11.4.0-1ubuntu1~22.04) 11.4.0
Copyright (C) 2021 Free Software Foundation, Inc.
This is free software; see the source for copying conditions.  There is NO
warranty; not even for MERCHANTABILITY or FITNESS FOR A PARTICULAR PURPOSE.

configure:3588: $? = 0
configure:3577: gcc -v >&5
Using built-in specs.
COLLECT_GCC=gcc
COLLECT_LTO_WRAPPER=/usr/lib/gcc/x86_64-linux-gnu/11/lto-wrapper
OFFLOAD_TARGET_NAMES=nvptx-none:amdgcn-amdhsa
OFFLOAD_TARGET_DEFAULT=1
Target: x86_64-linux-gnu
Configured with: ../src/configure -v --with-pkgversion='Ubuntu 11.4.0-1ubuntu1~22.04' --with-bugurl=file:///usr/share/doc/gcc-11/README.Bugs --enable-languages=c,ada,c++,go,brig,d,fortran,objc,obj-c++,m2 --prefix=/usr --with-gcc-major-version-only --program-suffix=-11 --program-prefix=x86_64-linux-gnu- --enable-shared --enable-linker-build-id --libexecdir=/usr/lib --without-included-gettext --enable-threads=posix --libdir=/usr/lib --enable-nls --enable-bootstrap --enable-clocale=gnu --enable-libstdcxx-debug --enable-libstdcxx-time=yes --with-default-libstdcxx-abi=new --enable-gnu-unique-object --disable-vtable-verify --enable-plugin --enable-default-pie --with-system-zlib --enable-libphobos-checking=release --with-target-system-zlib=auto --enable-objc-gc=auto --enable-multiarch --disable-werror --enable-cet --with-arch-32=i686 --with-abi=m64 --with-multilib-list=m32,m64,mx32 --enable-multilib --with-tune=generic --enable-offload-targets=nvptx-none=/build/gcc-11-XeT9lY/gcc-11-11.4.0/debian/tmp-nvptx/usr,amdgcn-amdhsa=/build/gcc-11-XeT9lY/gcc-11-11.4.0/debian/tmp-gcn/usr --without-cuda-driver --enable-checking=release --build=x86_64-linux-gnu --host=x86_64-linux-gnu --target=x86_64-linux-gnu --with-build-config=bootstrap-lto-lean --enable-link-serialization=2
Thread model: posix
Supported LTO compression algorithms: zlib zstd
gcc version 11.4.0 (Ubuntu 11.4.0-1ubuntu1~22.04) 
... rest of stderr output deleted ...
configure:3588: $? = 0
configure:3577: gcc -V >&5
gcc: error: unrecognized command-line option '-V'
gcc: fatal error: no input files
compilation terminated.
configure:3588: $? = 1
configure:3577: gcc -qversion >&5
gcc: error: unrecognized command-line option '-qversion'; did you mean '--version'?
gcc: fatal error: no input files
compilation terminated.
configure:3588: $? = 1
configure:3577: gcc -version >&5
gcc: error: unrecognized command-line option '-version'
gcc: fatal error: no input files
compilation terminated.
configure:3588: $? = 1
configure:3608: checking whether the C compiler works
configure:3630: gcc    conftest.c  >&5
configure:3634: $? = 0
configure:3684: result: yes
configure:3687: checking for C compiler default output file name
configure:3689: result: a.out
configure:3695: checking for suffix of executables
configure:3702: gcc -o conftest    conftest.c  >&5
configure:3706: $? = 0
configure:3729: result: 
configure:3751: checking whether we are cross compiling
configure:3759: gcc -o conftest    conftest.c  >&5
configure:3763: $? = 0
configure:3770: ./conftest
configure:3774: $? = 0
configure:3789: result: no
configure:3794: checking for suffix of object files
configure:3817: gcc -c   conftest.c >&5
configure:3821: $? = 0
configure:3843: result: o
configure:3847: checking whether the compiler supports GNU C
configure:3867: gcc -c   conftest.c >&5
configure:3867: $? = 0
configure:3877: result: yes
configure:3888: checking whether gcc accepts -g
configure:3909: gcc -c -g  conftest.c >&5
configure:3909: $? = 0
configure:3953: result: yes
configure:3973: checking for gcc option to enable C11 features
configure:3988: gcc  -c -g -O2  conftest.c >&5
configure:3988: $? = 0
configure:4006: result: none needed
configure:4131: checking for stdio.h
configure:4131: gcc -c -g -O2  conftest.c >&5
configure:4131: $? = 0
configure:4131: result: yes
configure:4131: checking for stdlib.h
configure:4131: gcc -c -g -O2  conftest.c >&5
configure:4131: $? = 0
configure:4131: result: yes
configure:4131: checking for string.h
configure:4131: gcc -c -g -O2  conftest.c >&5
configure:4131: $? = 0
configure:4131: result: yes
configure:4131: checking for inttypes.h
configure:4131: gcc -c -g -O2  conftest.c >&5
configure:4131: $? = 0
configure:4131: result: yes
configure:4131: checking for stdint.h
configure:4131: gcc -c -g -O2  conftest.c >&5
configure:4131: $? = 0
configure:4131: result: yes
configure:4131: checking for strings.h
configure:4131: gcc -c -g -O2  conftest.c >&5
configure:4131: $? = 0
configure:4131: result: yes
configure:4131: checking for sys/stat.h
configure:4131: gcc -c -g -O2  conftest.c >&5
configure:4131: $? = 0
configure:4131: result: yes
configure:4131: checking for sys/types.h
configure:4131: gcc -c -g -O2  conftest.c >&5
configure:4131: $? = 0
configure:4131: result: yes
configure:4131: checking for unistd.h
configure:4131: gcc -c -g -O2  conftest.c >&5
configure:4131: $? = 0
configure:4131: result: yes
configure:4160: checking size of void *
configure:4166: gcc -o conftest -g -O2   conftest.c  >&5
configure:4166: $? = 0
configure:4166: ./conftest
configure:4166: $? = 0
configure:4181: result: 8
configure:4206: checking whether the compiler supports the -fvisibility=hidden option
configure:4240: gcc -c -g -O2 -fvisibility=hidden  conftest.c >&5
configure:4240: $? = 0
configure:4243: result: yes
configure:4743: checking for inline
configure:4760: gcc -c -g -O2  conftest.c >&5
configure:4760: $? = 0
configure:4769: result: inline
configure:4788: checking for __atomic_load_n
configure:4856: gcc -o conftest -g -O2   conftest.c  >&5
configure:4856: $? = 0
configure:4866: result: yes
configure:4874: checking for __atomic_store_n
configure:4894: gcc -o conftest -g -O2   conftest.c  >&5
configure:4894: $? = 0
configure:4904: result: yes
configure:4923: checking for special C compiler options needed for large files
configure:4971: result: no
configure:4977: checking for _FILE_OFFSET_BITS value needed for large files
configure:5003: gcc -c -g -O2  conftest.c >&5
configure:5003: $? = 0
configure:5037: result: no
configure:5119: checking for _LARGEFILE_SOURCE value needed for large files
configure:5139: gcc -o conftest -g -O2   conftest.c  >&5
configure:5139: $? = 0
configure:5169: result: no
configure:5189: checking for sys/ioccom.h
configure:5189: gcc -c -g -O2  conftest.c >&5
conftest.c:51:10: fatal error: sys/ioccom.h: No such file or directory
   51 | #include <sys/ioccom.h>
      |          ^~~~~~~~~~~~~~
compilation terminated.
configure:5189: $? = 1
configure: failed program was:
| /* confdefs.h */
| #define PACKAGE_NAME "pcap"
| #define PACKAGE_TARNAME "pcap"
| #define PACKAGE_VERSION "1.11.0-PRE-GIT"
| #define PACKAGE_STRING "pcap 1.11.0-PRE-GIT"
| #define PACKAGE_BUGREPORT ""
| #define PACKAGE_URL ""
| #define HAVE_STDIO_H 1
| #define HAVE_STDLIB_H 1
| #define HAVE_STRING_H 1
| #define HAVE_INTTYPES_H 1
| #define HAVE_STDINT_H 1
| #define HAVE_STRINGS_H 1
| #define HAVE_SYS_STAT_H 1
| #define HAVE_SYS_TYPES_H 1
| #define HAVE_UNISTD_H 1
| #define STDC_HEADERS 1
| #define SIZEOF_VOID_P 8
| #define HAVE___ATOMIC_LOAD_N 1
| #define HAVE___ATOMIC_STORE_N 1
| #define HAVE_FSEEKO 1
| /* end confdefs.h.  */
| #include <stddef.h>
| #ifdef HAVE_STDIO_H
| # include <stdio.h>
| #endif
| #ifdef HAVE_STDLIB_H
| # include <stdlib.h>
| #endif
| #ifdef HAVE_STRING_H
| # include <string.h>
| #endif
| #ifdef HAVE_INTTYPES_H
| # include <inttypes.h>
| #endif
| #ifdef HAVE_STDINT_H
| # include <stdint.h>
| #endif
| #ifdef HAVE_STRINGS_H
| # include <strings.h>
| #endif
| #ifdef HAVE_SYS_TYPES_H
| # include <sys/types.h>
| #endif
| #ifdef HAVE_SYS_STAT_H
| # include <sys/stat.h>
| #endif
| #ifdef HAVE_UNISTD_H
| # include <unistd.h>
| #endif
| #include <sys/ioccom.h>
configure:5189: result: no
configure:5195: checking for sys/sockio.h
configure:5195: gcc -c -g -O2  conftest.c >&5
conftest.c:51:10: fatal error: sys/sockio.h: No such file or directory
   51 | #include <sys/sockio.h>
      |          ^~~~~~~~~~~~~~
compilation terminated.
configure:5195: $? = 1
configure: failed program was:
| /* confdefs.h */
| #define PACKAGE_NAME "pcap"
| #define PACKAGE_TARNAME "pcap"
| #define PACKAGE_VERSION "1.11.0-PRE-GIT"
| #define PACKAGE_STRING "pcap 1.11.0-PRE-GIT"
| #define PACKAGE_BUGREPORT ""
| #define PACKAGE_URL ""
| #define HAVE_STDIO_H 1
| #define HAVE_STDLIB_H 1
| #define HAVE_STRING_H 1
| #define HAVE_INTTYPES_H 1
| #define HAVE_STDINT_H 1
| #define HAVE_STRINGS_H 1
| #define HAVE_SYS_STAT_H 1
| #define HAVE_SYS_TYPES_H 1
| #define HAVE_UNISTD_H 1
| #define STDC_HEADERS 1
| #define SIZEOF_VOID_P 8
| #define HAVE___ATOMIC_LOAD_N 1
| #define HAVE___ATOMIC_STORE_N 1
| #define HAVE_FSEEKO 1
| /* end confdefs.h.  */
| #include <stddef.h>
| #ifdef HAVE_STDIO_H
| # include <stdio.h>
| #endif
| #ifdef HAVE_STDLIB_H
| # include <stdlib.h>
| #endif
| #ifdef HAVE_STRING_H
| # include <string.h>
| #endif
| #ifdef HAVE_INTTYPES_H
| # include <inttypes.h>
| #endif
| #ifdef HAVE_STDINT_H
| # include <stdint.h>
| #endif
| #ifdef HAVE_STRINGS_H
| # include <strings.h>
| #endif
| #ifdef HAVE_SYS_TYPES_H
| # include <sys/types.h>
| #endif
| #ifdef HAVE_SYS_STAT_H
| # include <sys/stat.h>
| #endif
| #ifdef HAVE_UNISTD_H
| # include <unistd.h>
| #endif
| #include <sys/sockio.h>
configure:5195: result: no
configure:5202: checking for netpacket/packet.h
configure:5202: gcc -c -g -O2  conftest.c >&5
configure:5202: $? = 0
configure:5202: result: yes
configure:5271: checking for strerror
configure:5271: gcc -o conftest -g -O2   conftest.c  >&5
configure:5271: $? = 0
configure:5271: result: yes
configure:5278: checking for strerror_r
configure:5278: gcc -o conftest -g -O2   conftest.c  >&5
configure:5278: $? = 0
configure:5278: result: yes
configure:5286: checking whether strerror_r is GNU-style
configure:5305: gcc -c -g -O2  conftest.c >&5
configure:5305: $? = 0
configure:5309: result: yes
configure:5345: checking for vsyslog
configure:5345: gcc -o conftest -g -O2   conftest.c  >&5
configure:5345: $? = 0
configure:5345: result: yes
configure:5356: checking for vsnprintf
configure:5356: gcc -o conftest -g -O2   conftest.c  >&5
conftest.c:43:6: warning: conflicting types for built-in function 'vsnprintf'; expected 'int(char *, long unsigned int,  const char *, __va_list_tag *)' [-Wbuiltin-declaration-mismatch]
   43 | char vsnprintf ();
      |      ^~~~~~~~~
conftest.c:35:1: note: 'vsnprintf' is declared in header '<stdio.h>'
   34 | #include <limits.h>
   35 | #undef vsnprintf
configure:5356: $? = 0
configure:5356: result: yes
configure:5364: checking for snprintf
configure:5364: gcc -o conftest -g -O2   conftest.c  >&5
conftest.c:43:6: warning: conflicting types for built-in function 'snprintf'; expected 'int(char *, long unsigned int,  const char *, ...)' [-Wbuiltin-declaration-mismatch]
   43 | char snprintf ();
      |      ^~~~~~~~
conftest.c:35:1: note: 'snprintf' is declared in header '<stdio.h>'
   34 | #include <limits.h>
   35 | #undef snprintf
configure:5364: $? = 0
configure:5364: result: yes
configure:5378: checking for vasprintf
configure:5378: gcc -o conftest -g -O2   conftest.c  >&5
configure:5378: $? = 0
configure:5378: result: yes
configure:5378: checking for asprintf
configure:5378: gcc -o conftest -g -O2   conftest.c  >&5
configure:5378: $? = 0
configure:5378: result: yes
configure:5403: checking for strlcat
configure:5403: gcc -o conftest -g -O2   conftest.c  >&5
/usr/bin/ld: /tmp/ccmkibet.o: in function `main':
/mnt/d/Coding/stazhirovka/python/parse_pcap_to_csv/programm1/libpcap/conftest.c:56: undefined reference to `strlcat'
collect2: error: ld returned 1 exit status
configure:5403: $? = 1
configure: failed program was:
| /* confdefs.h */
| #define PACKAGE_NAME "pcap"
| #define PACKAGE_TARNAME "pcap"
| #define PACKAGE_VERSION "1.11.0-PRE-GIT"
| #define PACKAGE_STRING "pcap 1.11.0-PRE-GIT"
| #define PACKAGE_BUGREPORT ""
| #define PACKAGE_URL ""
| #define HAVE_STDIO_H 1
| #define HAVE_STDLIB_H 1
| #define HAVE_STRING_H 1
| #define HAVE_INTTYPES_H 1
| #define HAVE_STDINT_H 1
| #define HAVE_STRINGS_H 1
| #define HAVE_SYS_STAT_H 1
| #define HAVE_SYS_TYPES_H 1
| #define HAVE_UNISTD_H 1
| #define STDC_HEADERS 1
| #define SIZEOF_VOID_P 8
| #define HAVE___ATOMIC_LOAD_N 1
| #define HAVE___ATOMIC_STORE_N 1
| #define HAVE_FSEEKO 1
| #define HAVE_NETPACKET_PACKET_H 1
| #define HAVE_STRERROR 1
| #define HAVE_GNU_STRERROR_R /**/
| #define HAVE_VSYSLOG 1
| #define HAVE_VASPRINTF 1
| #define HAVE_ASPRINTF 1
| /* end confdefs.h.  */
| /* Define strlcat to an innocuous variant, in case <limits.h> declares strlcat.
|    For example, HP-UX 11i <limits.h> declares gettimeofday.  */
| #define strlcat innocuous_strlcat
| 
| /* System header to define __stub macros and hopefully few prototypes,
|    which can conflict with char strlcat (); below.  */
| 
| #include <limits.h>
| #undef strlcat
| 
| /* Override any GCC internal prototype to avoid an error.
|    Use char because int might match the return type of a GCC
|    builtin and then its argument prototype would still apply.  */
| #ifdef __cplusplus
| extern "C"
| #endif
| char strlcat ();
| /* The GNU C library defines this for functions which it implements
|     to always fail with ENOSYS.  Some functions are actually named
|     something starting with __ and the normal name is an alias.  */
| #if defined __stub_strlcat || defined __stub___strlcat
| choke me
| #endif
| 
| int
| main (void)
| {
| return strlcat ();
|   ;
|   return 0;
| }
configure:5403: result: no
configure:5426: checking for strlcpy
configure:5426: gcc -o conftest -g -O2   conftest.c  >&5
/usr/bin/ld: /tmp/cc6ULQqX.o: in function `main':
/mnt/d/Coding/stazhirovka/python/parse_pcap_to_csv/programm1/libpcap/conftest.c:56: undefined reference to `strlcpy'
collect2: error: ld returned 1 exit status
configure:5426: $? = 1
configure: failed program was:
| /* confdefs.h */
| #define PACKAGE_NAME "pcap"
| #define PACKAGE_TARNAME "pcap"
| #define PACKAGE_VERSION "1.11.0-PRE-GIT"
| #define PACKAGE_STRING "pcap 1.11.0-PRE-GIT"
| #define PACKAGE_BUGREPORT ""
| #define PACKAGE_URL ""
| #define HAVE_STDIO_H 1
| #define HAVE_STDLIB_H 1
| #define HAVE_STRING_H 1
| #define HAVE_INTTYPES_H 1
| #define HAVE_STDINT_H 1
| #define HAVE_STRINGS_H 1
| #define HAVE_SYS_STAT_H 1
| #define HAVE_SYS_TYPES_H 1
| #define HAVE_UNISTD_H 1
| #define STDC_HEADERS 1
| #define SIZEOF_VOID_P 8
| #define HAVE___ATOMIC_LOAD_N 1
| #define HAVE___ATOMIC_STORE_N 1
| #define HAVE_FSEEKO 1
| #define HAVE_NETPACKET_PACKET_H 1
| #define HAVE_STRERROR 1
| #define HAVE_GNU_STRERROR_R /**/
| #define HAVE_VSYSLOG 1
| #define HAVE_VASPRINTF 1
| #define HAVE_ASPRINTF 1
| /* end confdefs.h.  */
| /* Define strlcpy to an innocuous variant, in case <limits.h> declares strlcpy.
|    For example, HP-UX 11i <limits.h> declares gettimeofday.  */
| #define strlcpy innocuous_strlcpy
| 
| /* System header to define __stub macros and hopefully few prototypes,
|    which can conflict with char strlcpy (); below.  */
| 
| #include <limits.h>
| #undef strlcpy
| 
| /* Override any GCC internal prototype to avoid an error.
|    Use char because int might match the return type of a GCC
|    builtin and then its argument prototype would still apply.  */
| #ifdef __cplusplus
| extern "C"
| #endif
| char strlcpy ();
| /* The GNU C library defines this for functions which it implements
|     to always fail with ENOSYS.  Some functions are actually named
|     something starting with __ and the normal name is an alias.  */
| #if defined __stub_strlcpy || defined __stub___strlcpy
| choke me
| #endif
| 
| int
| main (void)
| {
| return strlcpy ();
|   ;
|   return 0;
| }
configure:5426: result: no
configure:5449: checking for strtok_r
configure:5449: gcc -o conftest -g -O2   conftest.c  >&5
configure:5449: $? = 0
configure:5449: result: yes
configure:5471: checking for ffs
configure:5471: gcc -o conftest -g -O2   conftest.c  >&5
conftest.c:46:6: warning: conflicting types for built-in function 'ffs'; expected 'int(int)' [-Wbuiltin-declaration-mismatch]
   46 | char ffs ();
      |      ^~~
configure:5471: $? = 0
configure:5471: result: yes
configure:5485: checking for gcc options needed to detect all undeclared functions
configure:5507: gcc -c -g -O2   conftest.c >&5
conftest.c: In function 'main':
conftest.c:35:8: error: 'strchr' undeclared (first use in this function)
   35 | (void) strchr;
      |        ^~~~~~
conftest.c:1:1: note: 'strchr' is defined in header '<string.h>'; did you forget to '#include <string.h>'?
    1 | /* confdefs.h */
conftest.c:35:8: note: each undeclared identifier is reported only once for each function it appears in
   35 | (void) strchr;
      |        ^~~~~~
configure:5507: $? = 1
configure: failed program was:
| /* confdefs.h */
| #define PACKAGE_NAME "pcap"
| #define PACKAGE_TARNAME "pcap"
| #define PACKAGE_VERSION "1.11.0-PRE-GIT"
| #define PACKAGE_STRING "pcap 1.11.0-PRE-GIT"
| #define PACKAGE_BUGREPORT ""
| #define PACKAGE_URL ""
| #define HAVE_STDIO_H 1
| #define HAVE_STDLIB_H 1
| #define HAVE_STRING_H 1
| #define HAVE_INTTYPES_H 1
| #define HAVE_STDINT_H 1
| #define HAVE_STRINGS_H 1
| #define HAVE_SYS_STAT_H 1
| #define HAVE_SYS_TYPES_H 1
| #define HAVE_UNISTD_H 1
| #define STDC_HEADERS 1
| #define SIZEOF_VOID_P 8
| #define HAVE___ATOMIC_LOAD_N 1
| #define HAVE___ATOMIC_STORE_N 1
| #define HAVE_FSEEKO 1
| #define HAVE_NETPACKET_PACKET_H 1
| #define HAVE_STRERROR 1
| #define HAVE_GNU_STRERROR_R /**/
| #define HAVE_VSYSLOG 1
| #define HAVE_VASPRINTF 1
| #define HAVE_ASPRINTF 1
| #define HAVE_STRTOK_R 1
| #define HAVE_FFS 1
| /* end confdefs.h.  */
| 
| int
| main (void)
| {
| (void) strchr;
|   ;
|   return 0;
| }
configure:5534: gcc -c -g -O2   conftest.c >&5
configure:5534: $? = 0
configure:5551: result: none needed
configure:5565: checking whether ffs is declared
configure:5565: gcc -c -g -O2   conftest.c >&5
configure:5565: $? = 0
configure:5565: result: yes
configure:5589: checking for getaddrinfo
configure:5589: gcc -o conftest -g -O2   conftest.c  >&5
configure:5589: $? = 0
configure:5589: result: yes
configure:5784: checking for library containing putmsg
configure:5814: gcc -o conftest -g -O2   conftest.c  >&5
/usr/bin/ld: /tmp/ccZC0OkU.o: in function `main':
/mnt/d/Coding/stazhirovka/python/parse_pcap_to_csv/programm1/libpcap/conftest.c:40: undefined reference to `putmsg'
collect2: error: ld returned 1 exit status
configure:5814: $? = 1
configure: failed program was:
| /* confdefs.h */
| #define PACKAGE_NAME "pcap"
| #define PACKAGE_TARNAME "pcap"
| #define PACKAGE_VERSION "1.11.0-PRE-GIT"
| #define PACKAGE_STRING "pcap 1.11.0-PRE-GIT"
| #define PACKAGE_BUGREPORT ""
| #define PACKAGE_URL ""
| #define HAVE_STDIO_H 1
| #define HAVE_STDLIB_H 1
| #define HAVE_STRING_H 1
| #define HAVE_INTTYPES_H 1
| #define HAVE_STDINT_H 1
| #define HAVE_STRINGS_H 1
| #define HAVE_SYS_STAT_H 1
| #define HAVE_SYS_TYPES_H 1
| #define HAVE_UNISTD_H 1
| #define STDC_HEADERS 1
| #define SIZEOF_VOID_P 8
| #define HAVE___ATOMIC_LOAD_N 1
| #define HAVE___ATOMIC_STORE_N 1
| #define HAVE_FSEEKO 1
| #define HAVE_NETPACKET_PACKET_H 1
| #define HAVE_STRERROR 1
| #define HAVE_GNU_STRERROR_R /**/
| #define HAVE_VSYSLOG 1
| #define HAVE_VASPRINTF 1
| #define HAVE_ASPRINTF 1
| #define HAVE_STRTOK_R 1
| #define HAVE_FFS 1
| #define STRINGS_H_DECLARES_FFS /**/
| /* end confdefs.h.  */
| 
| /* Override any GCC internal prototype to avoid an error.
|    Use char because int might match the return type of a GCC
|    builtin and then its argument prototype would still apply.  */
| char putmsg ();
| int
| main (void)
| {
| return putmsg ();
|   ;
|   return 0;
| }
configure:5814: gcc -o conftest -g -O2   conftest.c -lstr   >&5
/usr/bin/ld: cannot find -lstr: No such file or directory
collect2: error: ld returned 1 exit status
configure:5814: $? = 1
configure: failed program was:
| /* confdefs.h */
| #define PACKAGE_NAME "pcap"
| #define PACKAGE_TARNAME "pcap"
| #define PACKAGE_VERSION "1.11.0-PRE-GIT"
| #define PACKAGE_STRING "pcap 1.11.0-PRE-GIT"
| #define PACKAGE_BUGREPORT ""
| #define PACKAGE_URL ""
| #define HAVE_STDIO_H 1
| #define HAVE_STDLIB_H 1
| #define HAVE_STRING_H 1
| #define HAVE_INTTYPES_H 1
| #define HAVE_STDINT_H 1
| #define HAVE_STRINGS_H 1
| #define HAVE_SYS_STAT_H 1
| #define HAVE_SYS_TYPES_H 1
| #define HAVE_UNISTD_H 1
| #define STDC_HEADERS 1
| #define SIZEOF_VOID_P 8
| #define HAVE___ATOMIC_LOAD_N 1
| #define HAVE___ATOMIC_STORE_N 1
| #define HAVE_FSEEKO 1
| #define HAVE_NETPACKET_PACKET_H 1
| #define HAVE_STRERROR 1
| #define HAVE_GNU_STRERROR_R /**/
| #define HAVE_VSYSLOG 1
| #define HAVE_VASPRINTF 1
| #define HAVE_ASPRINTF 1
| #define HAVE_STRTOK_R 1
| #define HAVE_FFS 1
| #define STRINGS_H_DECLARES_FFS /**/
| /* end confdefs.h.  */
| 
| /* Override any GCC internal prototype to avoid an error.
|    Use char because int might match the return type of a GCC
|    builtin and then its argument prototype would still apply.  */
| char putmsg ();
| int
| main (void)
| {
| return putmsg ();
|   ;
|   return 0;
| }
configure:5834: result: no
configure:5858: checking whether getnetbyname_r is declared
configure:5858: gcc -c -g -O2   conftest.c >&5
configure:5858: $? = 0
configure:5858: result: yes
configure:5863: checking for the Linux getnetbyname_r()
configure:5883: gcc -o conftest -g -O2   conftest.c  >&5
configure:5883: $? = 0
configure:5886: result: yes
configure:5988: checking whether getprotobyname_r is declared
configure:5988: gcc -c -g -O2   conftest.c >&5
configure:5988: $? = 0
configure:5988: result: yes
configure:5993: checking for the Linux getprotobyname_r()
configure:6012: gcc -o conftest -g -O2   conftest.c  >&5
configure:6012: $? = 0
configure:6015: result: yes
configure:6116: checking for ether_hostton
configure:6116: gcc -o conftest -g -O2   conftest.c  >&5
configure:6116: $? = 0
configure:6116: result: yes
configure:6130: checking whether ether_hostton is declared
configure:6130: gcc -c -g -O2   conftest.c >&5
conftest.c: In function 'main':
conftest.c:46:10: error: 'ether_hostton' undeclared (first use in this function)
   46 |   (void) ether_hostton;
      |          ^~~~~~~~~~~~~
conftest.c:46:10: note: each undeclared identifier is reported only once for each function it appears in
configure:6130: $? = 1
configure: failed program was:
| /* confdefs.h */
| #define PACKAGE_NAME "pcap"
| #define PACKAGE_TARNAME "pcap"
| #define PACKAGE_VERSION "1.11.0-PRE-GIT"
| #define PACKAGE_STRING "pcap 1.11.0-PRE-GIT"
| #define PACKAGE_BUGREPORT ""
| #define PACKAGE_URL ""
| #define HAVE_STDIO_H 1
| #define HAVE_STDLIB_H 1
| #define HAVE_STRING_H 1
| #define HAVE_INTTYPES_H 1
| #define HAVE_STDINT_H 1
| #define HAVE_STRINGS_H 1
| #define HAVE_SYS_STAT_H 1
| #define HAVE_SYS_TYPES_H 1
| #define HAVE_UNISTD_H 1
| #define STDC_HEADERS 1
| #define SIZEOF_VOID_P 8
| #define HAVE___ATOMIC_LOAD_N 1
| #define HAVE___ATOMIC_STORE_N 1
| #define HAVE_FSEEKO 1
| #define HAVE_NETPACKET_PACKET_H 1
| #define HAVE_STRERROR 1
| #define HAVE_GNU_STRERROR_R /**/
| #define HAVE_VSYSLOG 1
| #define HAVE_VASPRINTF 1
| #define HAVE_ASPRINTF 1
| #define HAVE_STRTOK_R 1
| #define HAVE_FFS 1
| #define STRINGS_H_DECLARES_FFS /**/
| #define HAVE_LINUX_GETNETBYNAME_R 1
| #define HAVE_LINUX_GETPROTOBYNAME_R 1
| #define HAVE_ETHER_HOSTTON 1
| /* end confdefs.h.  */
| 
| #include <net/ethernet.h>
| 
| 
| int
| main (void)
| {
| #ifndef ether_hostton
| #ifdef __cplusplus
|   (void) ether_hostton;
| #else
|   (void) ether_hostton;
| #endif
| #endif
| 
|   ;
|   return 0;
| }
configure:6130: result: no
configure:6157: checking whether ether_hostton is declared
configure:6157: gcc -c -g -O2   conftest.c >&5
configure:6157: $? = 0
configure:6157: result: yes
configure:6304: checking for pthread.h
configure:6304: gcc -c -g -O2  conftest.c >&5
configure:6304: $? = 0
configure:6304: result: yes
configure:6312: checking for pthread_create
configure:6312: gcc -o conftest -g -O2   conftest.c  >&5
configure:6312: $? = 0
configure:6312: result: yes
configure:6446: checking whether to enable the instrument functions code
configure:6468: result: no
configure:6473: checking if --disable-protochain option is specified
configure:6492: result: enabled
configure:6516: checking for net/bpf.h
configure:6516: gcc -c -g -O2  conftest.c >&5
conftest.c:65:10: fatal error: net/bpf.h: No such file or directory
   65 | #include <net/bpf.h>
      |          ^~~~~~~~~~~
compilation terminated.
configure:6516: $? = 1
configure: failed program was:
| /* confdefs.h */
| #define PACKAGE_NAME "pcap"
| #define PACKAGE_TARNAME "pcap"
| #define PACKAGE_VERSION "1.11.0-PRE-GIT"
| #define PACKAGE_STRING "pcap 1.11.0-PRE-GIT"
| #define PACKAGE_BUGREPORT ""
| #define PACKAGE_URL ""
| #define HAVE_STDIO_H 1
| #define HAVE_STDLIB_H 1
| #define HAVE_STRING_H 1
| #define HAVE_INTTYPES_H 1
| #define HAVE_STDINT_H 1
| #define HAVE_STRINGS_H 1
| #define HAVE_SYS_STAT_H 1
| #define HAVE_SYS_TYPES_H 1
| #define HAVE_UNISTD_H 1
| #define STDC_HEADERS 1
| #define SIZEOF_VOID_P 8
| #define HAVE___ATOMIC_LOAD_N 1
| #define HAVE___ATOMIC_STORE_N 1
| #define HAVE_FSEEKO 1
| #define HAVE_NETPACKET_PACKET_H 1
| #define HAVE_STRERROR 1
| #define HAVE_GNU_STRERROR_R /**/
| #define HAVE_VSYSLOG 1
| #define HAVE_VASPRINTF 1
| #define HAVE_ASPRINTF 1
| #define HAVE_STRTOK_R 1
| #define HAVE_FFS 1
| #define STRINGS_H_DECLARES_FFS /**/
| #define HAVE_LINUX_GETNETBYNAME_R 1
| #define HAVE_LINUX_GETPROTOBYNAME_R 1
| #define HAVE_ETHER_HOSTTON 1
| #define NETINET_ETHER_H_DECLARES_ETHER_HOSTTON /**/
| #define HAVE_DECL_ETHER_HOSTTON 1
| /* end confdefs.h.  */
| #include <stddef.h>
| #ifdef HAVE_STDIO_H
| # include <stdio.h>
| #endif
| #ifdef HAVE_STDLIB_H
| # include <stdlib.h>
| #endif
| #ifdef HAVE_STRING_H
| # include <string.h>
| #endif
| #ifdef HAVE_INTTYPES_H
| # include <inttypes.h>
| #endif
| #ifdef HAVE_STDINT_H
| # include <stdint.h>
| #endif
| #ifdef HAVE_STRINGS_H
| # include <strings.h>
| #endif
| #ifdef HAVE_SYS_TYPES_H
| # include <sys/types.h>
| #endif
| #ifdef HAVE_SYS_STAT_H
| # include <sys/stat.h>
| #endif
| #ifdef HAVE_UNISTD_H
| # include <unistd.h>
| #endif
| #include <net/bpf.h>
configure:6516: result: no
configure:6595: checking for net/pfilt.h
configure:6595: gcc -c -g -O2  conftest.c >&5
conftest.c:65:10: fatal error: net/pfilt.h: No such file or directory
   65 | #include <net/pfilt.h>
      |          ^~~~~~~~~~~~~
compilation terminated.
configure:6595: $? = 1
configure: failed program was:
| /* confdefs.h */
| #define PACKAGE_NAME "pcap"
| #define PACKAGE_TARNAME "pcap"
| #define PACKAGE_VERSION "1.11.0-PRE-GIT"
| #define PACKAGE_STRING "pcap 1.11.0-PRE-GIT"
| #define PACKAGE_BUGREPORT ""
| #define PACKAGE_URL ""
| #define HAVE_STDIO_H 1
| #define HAVE_STDLIB_H 1
| #define HAVE_STRING_H 1
| #define HAVE_INTTYPES_H 1
| #define HAVE_STDINT_H 1
| #define HAVE_STRINGS_H 1
| #define HAVE_SYS_STAT_H 1
| #define HAVE_SYS_TYPES_H 1
| #define HAVE_UNISTD_H 1
| #define STDC_HEADERS 1
| #define SIZEOF_VOID_P 8
| #define HAVE___ATOMIC_LOAD_N 1
| #define HAVE___ATOMIC_STORE_N 1
| #define HAVE_FSEEKO 1
| #define HAVE_NETPACKET_PACKET_H 1
| #define HAVE_STRERROR 1
| #define HAVE_GNU_STRERROR_R /**/
| #define HAVE_VSYSLOG 1
| #define HAVE_VASPRINTF 1
| #define HAVE_ASPRINTF 1
| #define HAVE_STRTOK_R 1
| #define HAVE_FFS 1
| #define STRINGS_H_DECLARES_FFS /**/
| #define HAVE_LINUX_GETNETBYNAME_R 1
| #define HAVE_LINUX_GETPROTOBYNAME_R 1
| #define HAVE_ETHER_HOSTTON 1
| #define NETINET_ETHER_H_DECLARES_ETHER_HOSTTON /**/
| #define HAVE_DECL_ETHER_HOSTTON 1
| /* end confdefs.h.  */
| #include <stddef.h>
| #ifdef HAVE_STDIO_H
| # include <stdio.h>
| #endif
| #ifdef HAVE_STDLIB_H
| # include <stdlib.h>
| #endif
| #ifdef HAVE_STRING_H
| # include <string.h>
| #endif
| #ifdef HAVE_INTTYPES_H
| # include <inttypes.h>
| #endif
| #ifdef HAVE_STDINT_H
| # include <stdint.h>
| #endif
| #ifdef HAVE_STRINGS_H
| # include <strings.h>
| #endif
| #ifdef HAVE_SYS_TYPES_H
| # include <sys/types.h>
| #endif
| #ifdef HAVE_SYS_STAT_H
| # include <sys/stat.h>
| #endif
| #ifdef HAVE_UNISTD_H
| # include <unistd.h>
| #endif
| #include <net/pfilt.h>
configure:6595: result: no
configure:6601: checking for net/enet.h
configure:6601: gcc -c -g -O2  conftest.c >&5
conftest.c:65:10: fatal error: net/enet.h: No such file or directory
   65 | #include <net/enet.h>
      |          ^~~~~~~~~~~~
compilation terminated.
configure:6601: $? = 1
configure: failed program was:
| /* confdefs.h */
| #define PACKAGE_NAME "pcap"
| #define PACKAGE_TARNAME "pcap"
| #define PACKAGE_VERSION "1.11.0-PRE-GIT"
| #define PACKAGE_STRING "pcap 1.11.0-PRE-GIT"
| #define PACKAGE_BUGREPORT ""
| #define PACKAGE_URL ""
| #define HAVE_STDIO_H 1
| #define HAVE_STDLIB_H 1
| #define HAVE_STRING_H 1
| #define HAVE_INTTYPES_H 1
| #define HAVE_STDINT_H 1
| #define HAVE_STRINGS_H 1
| #define HAVE_SYS_STAT_H 1
| #define HAVE_SYS_TYPES_H 1
| #define HAVE_UNISTD_H 1
| #define STDC_HEADERS 1
| #define SIZEOF_VOID_P 8
| #define HAVE___ATOMIC_LOAD_N 1
| #define HAVE___ATOMIC_STORE_N 1
| #define HAVE_FSEEKO 1
| #define HAVE_NETPACKET_PACKET_H 1
| #define HAVE_STRERROR 1
| #define HAVE_GNU_STRERROR_R /**/
| #define HAVE_VSYSLOG 1
| #define HAVE_VASPRINTF 1
| #define HAVE_ASPRINTF 1
| #define HAVE_STRTOK_R 1
| #define HAVE_FFS 1
| #define STRINGS_H_DECLARES_FFS /**/
| #define HAVE_LINUX_GETNETBYNAME_R 1
| #define HAVE_LINUX_GETPROTOBYNAME_R 1
| #define HAVE_ETHER_HOSTTON 1
| #define NETINET_ETHER_H_DECLARES_ETHER_HOSTTON /**/
| #define HAVE_DECL_ETHER_HOSTTON 1
| /* end confdefs.h.  */
| #include <stddef.h>
| #ifdef HAVE_STDIO_H
| # include <stdio.h>
| #endif
| #ifdef HAVE_STDLIB_H
| # include <stdlib.h>
| #endif
| #ifdef HAVE_STRING_H
| # include <string.h>
| #endif
| #ifdef HAVE_INTTYPES_H
| # include <inttypes.h>
| #endif
| #ifdef HAVE_STDINT_H
| # include <stdint.h>
| #endif
| #ifdef HAVE_STRINGS_H
| # include <strings.h>
| #endif
| #ifdef HAVE_SYS_TYPES_H
| # include <sys/types.h>
| #endif
| #ifdef HAVE_SYS_STAT_H
| # include <sys/stat.h>
| #endif
| #ifdef HAVE_UNISTD_H
| # include <unistd.h>
| #endif
| #include <net/enet.h>
configure:6601: result: no
configure:6608: checking for net/nit.h
configure:6608: gcc -c -g -O2  conftest.c >&5
conftest.c:65:10: fatal error: net/nit.h: No such file or directory
   65 | #include <net/nit.h>
      |          ^~~~~~~~~~~
compilation terminated.
configure:6608: $? = 1
configure: failed program was:
| /* confdefs.h */
| #define PACKAGE_NAME "pcap"
| #define PACKAGE_TARNAME "pcap"
| #define PACKAGE_VERSION "1.11.0-PRE-GIT"
| #define PACKAGE_STRING "pcap 1.11.0-PRE-GIT"
| #define PACKAGE_BUGREPORT ""
| #define PACKAGE_URL ""
| #define HAVE_STDIO_H 1
| #define HAVE_STDLIB_H 1
| #define HAVE_STRING_H 1
| #define HAVE_INTTYPES_H 1
| #define HAVE_STDINT_H 1
| #define HAVE_STRINGS_H 1
| #define HAVE_SYS_STAT_H 1
| #define HAVE_SYS_TYPES_H 1
| #define HAVE_UNISTD_H 1
| #define STDC_HEADERS 1
| #define SIZEOF_VOID_P 8
| #define HAVE___ATOMIC_LOAD_N 1
| #define HAVE___ATOMIC_STORE_N 1
| #define HAVE_FSEEKO 1
| #define HAVE_NETPACKET_PACKET_H 1
| #define HAVE_STRERROR 1
| #define HAVE_GNU_STRERROR_R /**/
| #define HAVE_VSYSLOG 1
| #define HAVE_VASPRINTF 1
| #define HAVE_ASPRINTF 1
| #define HAVE_STRTOK_R 1
| #define HAVE_FFS 1
| #define STRINGS_H_DECLARES_FFS /**/
| #define HAVE_LINUX_GETNETBYNAME_R 1
| #define HAVE_LINUX_GETPROTOBYNAME_R 1
| #define HAVE_ETHER_HOSTTON 1
| #define NETINET_ETHER_H_DECLARES_ETHER_HOSTTON /**/
| #define HAVE_DECL_ETHER_HOSTTON 1
| /* end confdefs.h.  */
| #include <stddef.h>
| #ifdef HAVE_STDIO_H
| # include <stdio.h>
| #endif
| #ifdef HAVE_STDLIB_H
| # include <stdlib.h>
| #endif
| #ifdef HAVE_STRING_H
| # include <string.h>
| #endif
| #ifdef HAVE_INTTYPES_H
| # include <inttypes.h>
| #endif
| #ifdef HAVE_STDINT_H
| # include <stdint.h>
| #endif
| #ifdef HAVE_STRINGS_H
| # include <strings.h>
| #endif
| #ifdef HAVE_SYS_TYPES_H
| # include <sys/types.h>
| #endif
| #ifdef HAVE_SYS_STAT_H
| # include <sys/stat.h>
| #endif
| #ifdef HAVE_UNISTD_H
| # include <unistd.h>
| #endif
| #include <net/nit.h>
configure:6608: result: no
configure:6614: checking for sys/net/nit.h
configure:6614: gcc -c -g -O2  conftest.c >&5
conftest.c:65:10: fatal error: sys/net/nit.h: No such file or directory
   65 | #include <sys/net/nit.h>
      |          ^~~~~~~~~~~~~~~
compilation terminated.
configure:6614: $? = 1
configure: failed program was:
| /* confdefs.h */
| #define PACKAGE_NAME "pcap"
| #define PACKAGE_TARNAME "pcap"
| #define PACKAGE_VERSION "1.11.0-PRE-GIT"
| #define PACKAGE_STRING "pcap 1.11.0-PRE-GIT"
| #define PACKAGE_BUGREPORT ""
| #define PACKAGE_URL ""
| #define HAVE_STDIO_H 1
| #define HAVE_STDLIB_H 1
| #define HAVE_STRING_H 1
| #define HAVE_INTTYPES_H 1
| #define HAVE_STDINT_H 1
| #define HAVE_STRINGS_H 1
| #define HAVE_SYS_STAT_H 1
| #define HAVE_SYS_TYPES_H 1
| #define HAVE_UNISTD_H 1
| #define STDC_HEADERS 1
| #define SIZEOF_VOID_P 8
| #define HAVE___ATOMIC_LOAD_N 1
| #define HAVE___ATOMIC_STORE_N 1
| #define HAVE_FSEEKO 1
| #define HAVE_NETPACKET_PACKET_H 1
| #define HAVE_STRERROR 1
| #define HAVE_GNU_STRERROR_R /**/
| #define HAVE_VSYSLOG 1
| #define HAVE_VASPRINTF 1
| #define HAVE_ASPRINTF 1
| #define HAVE_STRTOK_R 1
| #define HAVE_FFS 1
| #define STRINGS_H_DECLARES_FFS /**/
| #define HAVE_LINUX_GETNETBYNAME_R 1
| #define HAVE_LINUX_GETPROTOBYNAME_R 1
| #define HAVE_ETHER_HOSTTON 1
| #define NETINET_ETHER_H_DECLARES_ETHER_HOSTTON /**/
| #define HAVE_DECL_ETHER_HOSTTON 1
| /* end confdefs.h.  */
| #include <stddef.h>
| #ifdef HAVE_STDIO_H
| # include <stdio.h>
| #endif
| #ifdef HAVE_STDLIB_H
| # include <stdlib.h>
| #endif
| #ifdef HAVE_STRING_H
| # include <string.h>
| #endif
| #ifdef HAVE_INTTYPES_H
| # include <inttypes.h>
| #endif
| #ifdef HAVE_STDINT_H
| # include <stdint.h>
| #endif
| #ifdef HAVE_STRINGS_H
| # include <strings.h>
| #endif
| #ifdef HAVE_SYS_TYPES_H
| # include <sys/types.h>
| #endif
| #ifdef HAVE_SYS_STAT_H
| # include <sys/stat.h>
| #endif
| #ifdef HAVE_UNISTD_H
| # include <unistd.h>
| #endif
| #include <sys/net/nit.h>
configure:6614: result: no
configure:6621: checking for linux/socket.h
configure:6621: gcc -c -g -O2  conftest.c >&5
configure:6621: $? = 0
configure:6621: result: yes
configure:6627: checking for net/raw.h
configure:6627: gcc -c -g -O2  conftest.c >&5
conftest.c:66:10: fatal error: net/raw.h: No such file or directory
   66 | #include <net/raw.h>
      |          ^~~~~~~~~~~
compilation terminated.
configure:6627: $? = 1
configure: failed program was:
| /* confdefs.h */
| #define PACKAGE_NAME "pcap"
| #define PACKAGE_TARNAME "pcap"
| #define PACKAGE_VERSION "1.11.0-PRE-GIT"
| #define PACKAGE_STRING "pcap 1.11.0-PRE-GIT"
| #define PACKAGE_BUGREPORT ""
| #define PACKAGE_URL ""
| #define HAVE_STDIO_H 1
| #define HAVE_STDLIB_H 1
| #define HAVE_STRING_H 1
| #define HAVE_INTTYPES_H 1
| #define HAVE_STDINT_H 1
| #define HAVE_STRINGS_H 1
| #define HAVE_SYS_STAT_H 1
| #define HAVE_SYS_TYPES_H 1
| #define HAVE_UNISTD_H 1
| #define STDC_HEADERS 1
| #define SIZEOF_VOID_P 8
| #define HAVE___ATOMIC_LOAD_N 1
| #define HAVE___ATOMIC_STORE_N 1
| #define HAVE_FSEEKO 1
| #define HAVE_NETPACKET_PACKET_H 1
| #define HAVE_STRERROR 1
| #define HAVE_GNU_STRERROR_R /**/
| #define HAVE_VSYSLOG 1
| #define HAVE_VASPRINTF 1
| #define HAVE_ASPRINTF 1
| #define HAVE_STRTOK_R 1
| #define HAVE_FFS 1
| #define STRINGS_H_DECLARES_FFS /**/
| #define HAVE_LINUX_GETNETBYNAME_R 1
| #define HAVE_LINUX_GETPROTOBYNAME_R 1
| #define HAVE_ETHER_HOSTTON 1
| #define NETINET_ETHER_H_DECLARES_ETHER_HOSTTON /**/
| #define HAVE_DECL_ETHER_HOSTTON 1
| #define HAVE_LINUX_SOCKET_H 1
| /* end confdefs.h.  */
| #include <stddef.h>
| #ifdef HAVE_STDIO_H
| # include <stdio.h>
| #endif
| #ifdef HAVE_STDLIB_H
| # include <stdlib.h>
| #endif
| #ifdef HAVE_STRING_H
| # include <string.h>
| #endif
| #ifdef HAVE_INTTYPES_H
| # include <inttypes.h>
| #endif
| #ifdef HAVE_STDINT_H
| # include <stdint.h>
| #endif
| #ifdef HAVE_STRINGS_H
| # include <strings.h>
| #endif
| #ifdef HAVE_SYS_TYPES_H
| # include <sys/types.h>
| #endif
| #ifdef HAVE_SYS_STAT_H
| # include <sys/stat.h>
| #endif
| #ifdef HAVE_UNISTD_H
| # include <unistd.h>
| #endif
| #include <net/raw.h>
configure:6627: result: no
configure:6633: checking for sys/dlpi.h
configure:6633: gcc -c -g -O2  conftest.c >&5
conftest.c:66:10: fatal error: sys/dlpi.h: No such file or directory
   66 | #include <sys/dlpi.h>
      |          ^~~~~~~~~~~~
compilation terminated.
configure:6633: $? = 1
configure: failed program was:
| /* confdefs.h */
| #define PACKAGE_NAME "pcap"
| #define PACKAGE_TARNAME "pcap"
| #define PACKAGE_VERSION "1.11.0-PRE-GIT"
| #define PACKAGE_STRING "pcap 1.11.0-PRE-GIT"
| #define PACKAGE_BUGREPORT ""
| #define PACKAGE_URL ""
| #define HAVE_STDIO_H 1
| #define HAVE_STDLIB_H 1
| #define HAVE_STRING_H 1
| #define HAVE_INTTYPES_H 1
| #define HAVE_STDINT_H 1
| #define HAVE_STRINGS_H 1
| #define HAVE_SYS_STAT_H 1
| #define HAVE_SYS_TYPES_H 1
| #define HAVE_UNISTD_H 1
| #define STDC_HEADERS 1
| #define SIZEOF_VOID_P 8
| #define HAVE___ATOMIC_LOAD_N 1
| #define HAVE___ATOMIC_STORE_N 1
| #define HAVE_FSEEKO 1
| #define HAVE_NETPACKET_PACKET_H 1
| #define HAVE_STRERROR 1
| #define HAVE_GNU_STRERROR_R /**/
| #define HAVE_VSYSLOG 1
| #define HAVE_VASPRINTF 1
| #define HAVE_ASPRINTF 1
| #define HAVE_STRTOK_R 1
| #define HAVE_FFS 1
| #define STRINGS_H_DECLARES_FFS /**/
| #define HAVE_LINUX_GETNETBYNAME_R 1
| #define HAVE_LINUX_GETPROTOBYNAME_R 1
| #define HAVE_ETHER_HOSTTON 1
| #define NETINET_ETHER_H_DECLARES_ETHER_HOSTTON /**/
| #define HAVE_DECL_ETHER_HOSTTON 1
| #define HAVE_LINUX_SOCKET_H 1
| /* end confdefs.h.  */
| #include <stddef.h>
| #ifdef HAVE_STDIO_H
| # include <stdio.h>
| #endif
| #ifdef HAVE_STDLIB_H
| # include <stdlib.h>
| #endif
| #ifdef HAVE_STRING_H
| # include <string.h>
| #endif
| #ifdef HAVE_INTTYPES_H
| # include <inttypes.h>
| #endif
| #ifdef HAVE_STDINT_H
| # include <stdint.h>
| #endif
| #ifdef HAVE_STRINGS_H
| # include <strings.h>
| #endif
| #ifdef HAVE_SYS_TYPES_H
| # include <sys/types.h>
| #endif
| #ifdef HAVE_SYS_STAT_H
| # include <sys/stat.h>
| #endif
| #ifdef HAVE_UNISTD_H
| # include <unistd.h>
| #endif
| #include <sys/dlpi.h>
configure:6633: result: no
configure:6640: checking for config/HaikuConfig.h
configure:6640: gcc -c -g -O2  conftest.c >&5
conftest.c:66:10: fatal error: config/HaikuConfig.h: No such file or directory
   66 | #include <config/HaikuConfig.h>
      |          ^~~~~~~~~~~~~~~~~~~~~~
compilation terminated.
configure:6640: $? = 1
configure: failed program was:
| /* confdefs.h */
| #define PACKAGE_NAME "pcap"
| #define PACKAGE_TARNAME "pcap"
| #define PACKAGE_VERSION "1.11.0-PRE-GIT"
| #define PACKAGE_STRING "pcap 1.11.0-PRE-GIT"
| #define PACKAGE_BUGREPORT ""
| #define PACKAGE_URL ""
| #define HAVE_STDIO_H 1
| #define HAVE_STDLIB_H 1
| #define HAVE_STRING_H 1
| #define HAVE_INTTYPES_H 1
| #define HAVE_STDINT_H 1
| #define HAVE_STRINGS_H 1
| #define HAVE_SYS_STAT_H 1
| #define HAVE_SYS_TYPES_H 1
| #define HAVE_UNISTD_H 1
| #define STDC_HEADERS 1
| #define SIZEOF_VOID_P 8
| #define HAVE___ATOMIC_LOAD_N 1
| #define HAVE___ATOMIC_STORE_N 1
| #define HAVE_FSEEKO 1
| #define HAVE_NETPACKET_PACKET_H 1
| #define HAVE_STRERROR 1
| #define HAVE_GNU_STRERROR_R /**/
| #define HAVE_VSYSLOG 1
| #define HAVE_VASPRINTF 1
| #define HAVE_ASPRINTF 1
| #define HAVE_STRTOK_R 1
| #define HAVE_FFS 1
| #define STRINGS_H_DECLARES_FFS /**/
| #define HAVE_LINUX_GETNETBYNAME_R 1
| #define HAVE_LINUX_GETPROTOBYNAME_R 1
| #define HAVE_ETHER_HOSTTON 1
| #define NETINET_ETHER_H_DECLARES_ETHER_HOSTTON /**/
| #define HAVE_DECL_ETHER_HOSTTON 1
| #define HAVE_LINUX_SOCKET_H 1
| /* end confdefs.h.  */
| #include <stddef.h>
| #ifdef HAVE_STDIO_H
| # include <stdio.h>
| #endif
| #ifdef HAVE_STDLIB_H
| # include <stdlib.h>
| #endif
| #ifdef HAVE_STRING_H
| # include <string.h>
| #endif
| #ifdef HAVE_INTTYPES_H
| # include <inttypes.h>
| #endif
| #ifdef HAVE_STDINT_H
| # include <stdint.h>
| #endif
| #ifdef HAVE_STRINGS_H
| # include <strings.h>
| #endif
| #ifdef HAVE_SYS_TYPES_H
| # include <sys/types.h>
| #endif
| #ifdef HAVE_SYS_STAT_H
| # include <sys/stat.h>
| #endif
| #ifdef HAVE_UNISTD_H
| # include <unistd.h>
| #endif
| #include <config/HaikuConfig.h>
configure:6640: result: no
configure:6647: checking for hurd.h
configure:6647: gcc -c -g -O2  conftest.c >&5
conftest.c:66:10: fatal error: hurd.h: No such file or directory
   66 | #include <hurd.h>
      |          ^~~~~~~~
compilation terminated.
configure:6647: $? = 1
configure: failed program was:
| /* confdefs.h */
| #define PACKAGE_NAME "pcap"
| #define PACKAGE_TARNAME "pcap"
| #define PACKAGE_VERSION "1.11.0-PRE-GIT"
| #define PACKAGE_STRING "pcap 1.11.0-PRE-GIT"
| #define PACKAGE_BUGREPORT ""
| #define PACKAGE_URL ""
| #define HAVE_STDIO_H 1
| #define HAVE_STDLIB_H 1
| #define HAVE_STRING_H 1
| #define HAVE_INTTYPES_H 1
| #define HAVE_STDINT_H 1
| #define HAVE_STRINGS_H 1
| #define HAVE_SYS_STAT_H 1
| #define HAVE_SYS_TYPES_H 1
| #define HAVE_UNISTD_H 1
| #define STDC_HEADERS 1
| #define SIZEOF_VOID_P 8
| #define HAVE___ATOMIC_LOAD_N 1
| #define HAVE___ATOMIC_STORE_N 1
| #define HAVE_FSEEKO 1
| #define HAVE_NETPACKET_PACKET_H 1
| #define HAVE_STRERROR 1
| #define HAVE_GNU_STRERROR_R /**/
| #define HAVE_VSYSLOG 1
| #define HAVE_VASPRINTF 1
| #define HAVE_ASPRINTF 1
| #define HAVE_STRTOK_R 1
| #define HAVE_FFS 1
| #define STRINGS_H_DECLARES_FFS /**/
| #define HAVE_LINUX_GETNETBYNAME_R 1
| #define HAVE_LINUX_GETPROTOBYNAME_R 1
| #define HAVE_ETHER_HOSTTON 1
| #define NETINET_ETHER_H_DECLARES_ETHER_HOSTTON /**/
| #define HAVE_DECL_ETHER_HOSTTON 1
| #define HAVE_LINUX_SOCKET_H 1
| /* end confdefs.h.  */
| #include <stddef.h>
| #ifdef HAVE_STDIO_H
| # include <stdio.h>
| #endif
| #ifdef HAVE_STDLIB_H
| # include <stdlib.h>
| #endif
| #ifdef HAVE_STRING_H
| # include <string.h>
| #endif
| #ifdef HAVE_INTTYPES_H
| # include <inttypes.h>
| #endif
| #ifdef HAVE_STDINT_H
| # include <stdint.h>
| #endif
| #ifdef HAVE_STRINGS_H
| # include <strings.h>
| #endif
| #ifdef HAVE_SYS_TYPES_H
| # include <sys/types.h>
| #endif
| #ifdef HAVE_SYS_STAT_H
| # include <sys/stat.h>
| #endif
| #ifdef HAVE_UNISTD_H
| # include <unistd.h>
| #endif
| #include <hurd.h>
configure:6647: result: no
configure:6736: checking packet capture type
configure:6738: result: linux
configure:6804: checking for pkg-config
configure:6827: found /usr/bin/pkg-config
configure:6839: result: /usr/bin/pkg-config
configure:6864: checking pkg-config is at least version 0.17.0
configure:6867: result: yes
configure:6881: checking for brew
configure:6919: result: no
configure:7190: checking for linux/wireless.h
configure:7190: gcc -c -g -O2  conftest.c >&5
configure:7190: $? = 0
configure:7190: result: yes
configure:7227: checking for libnl-genl-3.0 with pkg-config
configure:7231: $PKG_CONFIG --exists --print-errors "libnl-genl-3.0"
Package libnl-genl-3.0 was not found in the pkg-config search path.
Perhaps you should add the directory containing `libnl-genl-3.0.pc'
to the PKG_CONFIG_PATH environment variable
No package 'libnl-genl-3.0' found
configure:7234: $? = 1
configure:7325: result: not found
configure:7357: checking for nl_socket_alloc in -lnl-3
configure:7380: gcc -o conftest -g -O2   conftest.c -lnl-3 -I/usr/include/libnl3  -lnl-genl-3 -lnl-3   >&5
/usr/bin/ld: cannot find -lnl-3: No such file or directory
/usr/bin/ld: cannot find -lnl-genl-3: No such file or directory
/usr/bin/ld: cannot find -lnl-3: No such file or directory
collect2: error: ld returned 1 exit status
configure:7380: $? = 1
configure: failed program was:
| /* confdefs.h */
| #define PACKAGE_NAME "pcap"
| #define PACKAGE_TARNAME "pcap"
| #define PACKAGE_VERSION "1.11.0-PRE-GIT"
| #define PACKAGE_STRING "pcap 1.11.0-PRE-GIT"
| #define PACKAGE_BUGREPORT ""
| #define PACKAGE_URL ""
| #define HAVE_STDIO_H 1
| #define HAVE_STDLIB_H 1
| #define HAVE_STRING_H 1
| #define HAVE_INTTYPES_H 1
| #define HAVE_STDINT_H 1
| #define HAVE_STRINGS_H 1
| #define HAVE_SYS_STAT_H 1
| #define HAVE_SYS_TYPES_H 1
| #define HAVE_UNISTD_H 1
| #define STDC_HEADERS 1
| #define SIZEOF_VOID_P 8
| #define HAVE___ATOMIC_LOAD_N 1
| #define HAVE___ATOMIC_STORE_N 1
| #define HAVE_FSEEKO 1
| #define HAVE_NETPACKET_PACKET_H 1
| #define HAVE_STRERROR 1
| #define HAVE_GNU_STRERROR_R /**/
| #define HAVE_VSYSLOG 1
| #define HAVE_VASPRINTF 1
| #define HAVE_ASPRINTF 1
| #define HAVE_STRTOK_R 1
| #define HAVE_FFS 1
| #define STRINGS_H_DECLARES_FFS /**/
| #define HAVE_LINUX_GETNETBYNAME_R 1
| #define HAVE_LINUX_GETPROTOBYNAME_R 1
| #define HAVE_ETHER_HOSTTON 1
| #define NETINET_ETHER_H_DECLARES_ETHER_HOSTTON /**/
| #define HAVE_DECL_ETHER_HOSTTON 1
| #define HAVE_LINUX_SOCKET_H 1
| #define HAVE_LINUX_WIRELESS_H 1
| /* end confdefs.h.  */
| 
| /* Override any GCC internal prototype to avoid an error.
|    Use char because int might match the return type of a GCC
|    builtin and then its argument prototype would still apply.  */
| char nl_socket_alloc ();
| int
| main (void)
| {
| return nl_socket_alloc ();
|   ;
|   return 0;
| }
configure:7390: result: no
configure:7430: checking for struct tpacket_auxdata.tp_vlan_tci
configure:7430: gcc -c -g -O2  conftest.c >&5
configure:7430: $? = 0
configure:7430: result: yes
configure:7588: checking for getifaddrs
configure:7588: gcc -o conftest -g -O2   conftest.c  >&5
configure:7588: $? = 0
configure:7588: result: yes
configure:7596: checking for ifaddrs.h
configure:7596: gcc -c -g -O2  conftest.c >&5
configure:7596: $? = 0
configure:7596: result: yes
configure:7685: checking for linux/net_tstamp.h
configure:7685: gcc -c -g -O2  conftest.c >&5
configure:7685: $? = 0
configure:7685: result: yes
configure:7702: checking for socklen_t
configure:7702: gcc -c -g -O2  conftest.c >&5
configure:7702: $? = 0
configure:7702: gcc -c -g -O2  conftest.c >&5
conftest.c: In function 'main':
conftest.c:49:24: error: expected expression before ')' token
   49 | if (sizeof ((socklen_t)))
      |                        ^
configure:7702: $? = 1
configure: failed program was:
| /* confdefs.h */
| #define PACKAGE_NAME "pcap"
| #define PACKAGE_TARNAME "pcap"
| #define PACKAGE_VERSION "1.11.0-PRE-GIT"
| #define PACKAGE_STRING "pcap 1.11.0-PRE-GIT"
| #define PACKAGE_BUGREPORT ""
| #define PACKAGE_URL ""
| #define HAVE_STDIO_H 1
| #define HAVE_STDLIB_H 1
| #define HAVE_STRING_H 1
| #define HAVE_INTTYPES_H 1
| #define HAVE_STDINT_H 1
| #define HAVE_STRINGS_H 1
| #define HAVE_SYS_STAT_H 1
| #define HAVE_SYS_TYPES_H 1
| #define HAVE_UNISTD_H 1
| #define STDC_HEADERS 1
| #define SIZEOF_VOID_P 8
| #define HAVE___ATOMIC_LOAD_N 1
| #define HAVE___ATOMIC_STORE_N 1
| #define HAVE_FSEEKO 1
| #define HAVE_NETPACKET_PACKET_H 1
| #define HAVE_STRERROR 1
| #define HAVE_GNU_STRERROR_R /**/
| #define HAVE_VSYSLOG 1
| #define HAVE_VASPRINTF 1
| #define HAVE_ASPRINTF 1
| #define HAVE_STRTOK_R 1
| #define HAVE_FFS 1
| #define STRINGS_H_DECLARES_FFS /**/
| #define HAVE_LINUX_GETNETBYNAME_R 1
| #define HAVE_LINUX_GETPROTOBYNAME_R 1
| #define HAVE_ETHER_HOSTTON 1
| #define NETINET_ETHER_H_DECLARES_ETHER_HOSTTON /**/
| #define HAVE_DECL_ETHER_HOSTTON 1
| #define HAVE_LINUX_SOCKET_H 1
| #define HAVE_LINUX_WIRELESS_H 1
| #define HAVE_STRUCT_TPACKET_AUXDATA_TP_VLAN_TCI 1
| #define HAVE_LINUX_NET_TSTAMP_H 1
| /* end confdefs.h.  */
| 
| 	#include <sys/types.h>
| 	#include <sys/socket.h>
| 
| 
| int
| main (void)
| {
| if (sizeof ((socklen_t)))
| 	    return 0;
|   ;
|   return 0;
| }
configure:7702: result: yes
configure:7826: checking for dagapi.h
configure:7826: gcc -c -g -O2 -I/usr/local/include  conftest.c >&5
conftest.c:71:10: fatal error: dagapi.h: No such file or directory
   71 | #include <dagapi.h>
      |          ^~~~~~~~~~
compilation terminated.
configure:7826: $? = 1
configure: failed program was:
| /* confdefs.h */
| #define PACKAGE_NAME "pcap"
| #define PACKAGE_TARNAME "pcap"
| #define PACKAGE_VERSION "1.11.0-PRE-GIT"
| #define PACKAGE_STRING "pcap 1.11.0-PRE-GIT"
| #define PACKAGE_BUGREPORT ""
| #define PACKAGE_URL ""
| #define HAVE_STDIO_H 1
| #define HAVE_STDLIB_H 1
| #define HAVE_STRING_H 1
| #define HAVE_INTTYPES_H 1
| #define HAVE_STDINT_H 1
| #define HAVE_STRINGS_H 1
| #define HAVE_SYS_STAT_H 1
| #define HAVE_SYS_TYPES_H 1
| #define HAVE_UNISTD_H 1
| #define STDC_HEADERS 1
| #define SIZEOF_VOID_P 8
| #define HAVE___ATOMIC_LOAD_N 1
| #define HAVE___ATOMIC_STORE_N 1
| #define HAVE_FSEEKO 1
| #define HAVE_NETPACKET_PACKET_H 1
| #define HAVE_STRERROR 1
| #define HAVE_GNU_STRERROR_R /**/
| #define HAVE_VSYSLOG 1
| #define HAVE_VASPRINTF 1
| #define HAVE_ASPRINTF 1
| #define HAVE_STRTOK_R 1
| #define HAVE_FFS 1
| #define STRINGS_H_DECLARES_FFS /**/
| #define HAVE_LINUX_GETNETBYNAME_R 1
| #define HAVE_LINUX_GETPROTOBYNAME_R 1
| #define HAVE_ETHER_HOSTTON 1
| #define NETINET_ETHER_H_DECLARES_ETHER_HOSTTON /**/
| #define HAVE_DECL_ETHER_HOSTTON 1
| #define HAVE_LINUX_SOCKET_H 1
| #define HAVE_LINUX_WIRELESS_H 1
| #define HAVE_STRUCT_TPACKET_AUXDATA_TP_VLAN_TCI 1
| #define HAVE_LINUX_NET_TSTAMP_H 1
| #define HAVE_SOCKLEN_T 1
| #define INET6 1
| /* end confdefs.h.  */
| #include <stddef.h>
| #ifdef HAVE_STDIO_H
| # include <stdio.h>
| #endif
| #ifdef HAVE_STDLIB_H
| # include <stdlib.h>
| #endif
| #ifdef HAVE_STRING_H
| # include <string.h>
| #endif
| #ifdef HAVE_INTTYPES_H
| # include <inttypes.h>
| #endif
| #ifdef HAVE_STDINT_H
| # include <stdint.h>
| #endif
| #ifdef HAVE_STRINGS_H
| # include <strings.h>
| #endif
| #ifdef HAVE_SYS_TYPES_H
| # include <sys/types.h>
| #endif
| #ifdef HAVE_SYS_STAT_H
| # include <sys/stat.h>
| #endif
| #ifdef HAVE_UNISTD_H
| # include <unistd.h>
| #endif
| #include <dagapi.h>
configure:7826: result: no
configure:8175: checking whether we have Septel API headers
configure:8206: result: no
configure:8289: checking whether we have Myricom Sniffer API
configure:8387: result: no
configure:8441: checking whether TurboCap is supported
configure:8473: gcc -c -g -O2  conftest.c >&5
conftest.c:44:22: fatal error: TcApi.h: No such file or directory
   44 |             #include <TcApi.h>
      |                      ^~~~~~~~~
compilation terminated.
configure:8473: $? = 1
configure: failed program was:
| /* confdefs.h */
| #define PACKAGE_NAME "pcap"
| #define PACKAGE_TARNAME "pcap"
| #define PACKAGE_VERSION "1.11.0-PRE-GIT"
| #define PACKAGE_STRING "pcap 1.11.0-PRE-GIT"
| #define PACKAGE_BUGREPORT ""
| #define PACKAGE_URL ""
| #define HAVE_STDIO_H 1
| #define HAVE_STDLIB_H 1
| #define HAVE_STRING_H 1
| #define HAVE_INTTYPES_H 1
| #define HAVE_STDINT_H 1
| #define HAVE_STRINGS_H 1
| #define HAVE_SYS_STAT_H 1
| #define HAVE_SYS_TYPES_H 1
| #define HAVE_UNISTD_H 1
| #define STDC_HEADERS 1
| #define SIZEOF_VOID_P 8
| #define HAVE___ATOMIC_LOAD_N 1
| #define HAVE___ATOMIC_STORE_N 1
| #define HAVE_FSEEKO 1
| #define HAVE_NETPACKET_PACKET_H 1
| #define HAVE_STRERROR 1
| #define HAVE_GNU_STRERROR_R /**/
| #define HAVE_VSYSLOG 1
| #define HAVE_VASPRINTF 1
| #define HAVE_ASPRINTF 1
| #define HAVE_STRTOK_R 1
| #define HAVE_FFS 1
| #define STRINGS_H_DECLARES_FFS /**/
| #define HAVE_LINUX_GETNETBYNAME_R 1
| #define HAVE_LINUX_GETPROTOBYNAME_R 1
| #define HAVE_ETHER_HOSTTON 1
| #define NETINET_ETHER_H_DECLARES_ETHER_HOSTTON /**/
| #define HAVE_DECL_ETHER_HOSTTON 1
| #define HAVE_LINUX_SOCKET_H 1
| #define HAVE_LINUX_WIRELESS_H 1
| #define HAVE_STRUCT_TPACKET_AUXDATA_TP_VLAN_TCI 1
| #define HAVE_LINUX_NET_TSTAMP_H 1
| #define HAVE_SOCKLEN_T 1
| #define INET6 1
| /* end confdefs.h.  */
| 
| 	    #include <TcApi.h>
| 
| int
| main (void)
| {
| 
| 	    TC_INSTANCE a; TC_PORT b; TC_BOARD c;
| 	    TC_INSTANCE i;
| 	    (void)TcInstanceCreateByName("foo", &i);
| 
|   ;
|   return 0;
| }
configure:8498: result: no
configure:8508: checking whether to enable remote packet capture
configure:8956: result: no
configure:8961: checking whether to build optimizer debugging code
configure:8974: result: no
configure:8977: checking whether to build parser debugging code
configure:8990: result: no
configure:9000: checking for flex
configure:9021: found /usr/bin/flex
configure:9032: result: flex
configure:9081: checking for lex output file root
configure:9094: flex conftest.l
configure:9098: $? = 0
configure:9106: result: lex.yy
configure:9121: checking for lex library
configure:9146: gcc -o conftest -g -O2   conftest.c  >&5
configure:9146: $? = 0
configure:9159: result: none needed
configure:9179: checking whether yytext is a pointer
configure:9195: gcc -c -g -O2  conftest.c >&5
configure:9195: $? = 0
configure:9202: result: yes
configure:9222: checking for capable lex
configure:9234: result: yes
configure:9263: checking for bison
configure:9284: found /usr/bin/bison
configure:9295: result: bison
configure:9949: checking for ranlib
configure:9970: found /usr/bin/ranlib
configure:9981: result: ranlib
configure:10051: checking for ar
configure:10072: found /usr/bin/ar
configure:10083: result: ar
configure:10106: checking whether ln -s works
configure:10110: result: yes
configure:12153: checking for struct sockaddr.sa_len
configure:12153: gcc -c -g -O2  conftest.c >&5
conftest.c: In function 'main':
conftest.c:53:12: error: 'struct sockaddr' has no member named 'sa_len'
   53 | if (ac_aggr.sa_len)
      |            ^
configure:12153: $? = 1
configure: failed program was:
| /* confdefs.h */
| #define PACKAGE_NAME "pcap"
| #define PACKAGE_TARNAME "pcap"
| #define PACKAGE_VERSION "1.11.0-PRE-GIT"
| #define PACKAGE_STRING "pcap 1.11.0-PRE-GIT"
| #define PACKAGE_BUGREPORT ""
| #define PACKAGE_URL ""
| #define HAVE_STDIO_H 1
| #define HAVE_STDLIB_H 1
| #define HAVE_STRING_H 1
| #define HAVE_INTTYPES_H 1
| #define HAVE_STDINT_H 1
| #define HAVE_STRINGS_H 1
| #define HAVE_SYS_STAT_H 1
| #define HAVE_SYS_TYPES_H 1
| #define HAVE_UNISTD_H 1
| #define STDC_HEADERS 1
| #define SIZEOF_VOID_P 8
| #define HAVE___ATOMIC_LOAD_N 1
| #define HAVE___ATOMIC_STORE_N 1
| #define HAVE_FSEEKO 1
| #define HAVE_NETPACKET_PACKET_H 1
| #define HAVE_STRERROR 1
| #define HAVE_GNU_STRERROR_R /**/
| #define HAVE_VSYSLOG 1
| #define HAVE_VASPRINTF 1
| #define HAVE_ASPRINTF 1
| #define HAVE_STRTOK_R 1
| #define HAVE_FFS 1
| #define STRINGS_H_DECLARES_FFS /**/
| #define HAVE_LINUX_GETNETBYNAME_R 1
| #define HAVE_LINUX_GETPROTOBYNAME_R 1
| #define HAVE_ETHER_HOSTTON 1
| #define NETINET_ETHER_H_DECLARES_ETHER_HOSTTON /**/
| #define HAVE_DECL_ETHER_HOSTTON 1
| #define HAVE_LINUX_SOCKET_H 1
| #define HAVE_LINUX_WIRELESS_H 1
| #define HAVE_STRUCT_TPACKET_AUXDATA_TP_VLAN_TCI 1
| #define HAVE_LINUX_NET_TSTAMP_H 1
| #define HAVE_SOCKLEN_T 1
| #define INET6 1
| #define YYTEXT_POINTER 1
| /* end confdefs.h.  */
| 
| 	#include <sys/types.h>
| 	#include <sys/socket.h>
| 
| 
| int
| main (void)
| {
| static struct sockaddr ac_aggr;
| if (ac_aggr.sa_len)
| return 0;
|   ;
|   return 0;
| }
configure:12153: gcc -c -g -O2  conftest.c >&5
conftest.c: In function 'main':
conftest.c:53:19: error: 'struct sockaddr' has no member named 'sa_len'
   53 | if (sizeof ac_aggr.sa_len)
      |                   ^
configure:12153: $? = 1
configure: failed program was:
| /* confdefs.h */
| #define PACKAGE_NAME "pcap"
| #define PACKAGE_TARNAME "pcap"
| #define PACKAGE_VERSION "1.11.0-PRE-GIT"
| #define PACKAGE_STRING "pcap 1.11.0-PRE-GIT"
| #define PACKAGE_BUGREPORT ""
| #define PACKAGE_URL ""
| #define HAVE_STDIO_H 1
| #define HAVE_STDLIB_H 1
| #define HAVE_STRING_H 1
| #define HAVE_INTTYPES_H 1
| #define HAVE_STDINT_H 1
| #define HAVE_STRINGS_H 1
| #define HAVE_SYS_STAT_H 1
| #define HAVE_SYS_TYPES_H 1
| #define HAVE_UNISTD_H 1
| #define STDC_HEADERS 1
| #define SIZEOF_VOID_P 8
| #define HAVE___ATOMIC_LOAD_N 1
| #define HAVE___ATOMIC_STORE_N 1
| #define HAVE_FSEEKO 1
| #define HAVE_NETPACKET_PACKET_H 1
| #define HAVE_STRERROR 1
| #define HAVE_GNU_STRERROR_R /**/
| #define HAVE_VSYSLOG 1
| #define HAVE_VASPRINTF 1
| #define HAVE_ASPRINTF 1
| #define HAVE_STRTOK_R 1
| #define HAVE_FFS 1
| #define STRINGS_H_DECLARES_FFS /**/
| #define HAVE_LINUX_GETNETBYNAME_R 1
| #define HAVE_LINUX_GETPROTOBYNAME_R 1
| #define HAVE_ETHER_HOSTTON 1
| #define NETINET_ETHER_H_DECLARES_ETHER_HOSTTON /**/
| #define HAVE_DECL_ETHER_HOSTTON 1
| #define HAVE_LINUX_SOCKET_H 1
| #define HAVE_LINUX_WIRELESS_H 1
| #define HAVE_STRUCT_TPACKET_AUXDATA_TP_VLAN_TCI 1
| #define HAVE_LINUX_NET_TSTAMP_H 1
| #define HAVE_SOCKLEN_T 1
| #define INET6 1
| #define YYTEXT_POINTER 1
| /* end confdefs.h.  */
| 
| 	#include <sys/types.h>
| 	#include <sys/socket.h>
| 
| 
| int
| main (void)
| {
| static struct sockaddr ac_aggr;
| if (sizeof ac_aggr.sa_len)
| return 0;
|   ;
|   return 0;
| }
configure:12153: result: no
configure:12170: checking for struct sockaddr_storage
configure:12170: gcc -c -g -O2  conftest.c >&5
configure:12170: $? = 0
configure:12170: gcc -c -g -O2  conftest.c >&5
conftest.c: In function 'main':
conftest.c:52:38: error: expected expression before ')' token
   52 | if (sizeof ((struct sockaddr_storage)))
      |                                      ^
configure:12170: $? = 1
configure: failed program was:
| /* confdefs.h */
| #define PACKAGE_NAME "pcap"
| #define PACKAGE_TARNAME "pcap"
| #define PACKAGE_VERSION "1.11.0-PRE-GIT"
| #define PACKAGE_STRING "pcap 1.11.0-PRE-GIT"
| #define PACKAGE_BUGREPORT ""
| #define PACKAGE_URL ""
| #define HAVE_STDIO_H 1
| #define HAVE_STDLIB_H 1
| #define HAVE_STRING_H 1
| #define HAVE_INTTYPES_H 1
| #define HAVE_STDINT_H 1
| #define HAVE_STRINGS_H 1
| #define HAVE_SYS_STAT_H 1
| #define HAVE_SYS_TYPES_H 1
| #define HAVE_UNISTD_H 1
| #define STDC_HEADERS 1
| #define SIZEOF_VOID_P 8
| #define HAVE___ATOMIC_LOAD_N 1
| #define HAVE___ATOMIC_STORE_N 1
| #define HAVE_FSEEKO 1
| #define HAVE_NETPACKET_PACKET_H 1
| #define HAVE_STRERROR 1
| #define HAVE_GNU_STRERROR_R /**/
| #define HAVE_VSYSLOG 1
| #define HAVE_VASPRINTF 1
| #define HAVE_ASPRINTF 1
| #define HAVE_STRTOK_R 1
| #define HAVE_FFS 1
| #define STRINGS_H_DECLARES_FFS /**/
| #define HAVE_LINUX_GETNETBYNAME_R 1
| #define HAVE_LINUX_GETPROTOBYNAME_R 1
| #define HAVE_ETHER_HOSTTON 1
| #define NETINET_ETHER_H_DECLARES_ETHER_HOSTTON /**/
| #define HAVE_DECL_ETHER_HOSTTON 1
| #define HAVE_LINUX_SOCKET_H 1
| #define HAVE_LINUX_WIRELESS_H 1
| #define HAVE_STRUCT_TPACKET_AUXDATA_TP_VLAN_TCI 1
| #define HAVE_LINUX_NET_TSTAMP_H 1
| #define HAVE_SOCKLEN_T 1
| #define INET6 1
| #define YYTEXT_POINTER 1
| /* end confdefs.h.  */
| 
| 	#include <sys/types.h>
| 	#include <sys/socket.h>
| 
| 
| int
| main (void)
| {
| if (sizeof ((struct sockaddr_storage)))
| 	    return 0;
|   ;
|   return 0;
| }
configure:12170: result: yes
configure:12195: checking for dl_hp_ppa_info_t.dl_module_id_1
configure:12195: gcc -c -g -O2  conftest.c >&5
conftest.c:47:18: fatal error: sys/dlpi.h: No such file or directory
   47 |         #include <sys/dlpi.h>
      |                  ^~~~~~~~~~~~
compilation terminated.
configure:12195: $? = 1
configure: failed program was:
| /* confdefs.h */
| #define PACKAGE_NAME "pcap"
| #define PACKAGE_TARNAME "pcap"
| #define PACKAGE_VERSION "1.11.0-PRE-GIT"
| #define PACKAGE_STRING "pcap 1.11.0-PRE-GIT"
| #define PACKAGE_BUGREPORT ""
| #define PACKAGE_URL ""
| #define HAVE_STDIO_H 1
| #define HAVE_STDLIB_H 1
| #define HAVE_STRING_H 1
| #define HAVE_INTTYPES_H 1
| #define HAVE_STDINT_H 1
| #define HAVE_STRINGS_H 1
| #define HAVE_SYS_STAT_H 1
| #define HAVE_SYS_TYPES_H 1
| #define HAVE_UNISTD_H 1
| #define STDC_HEADERS 1
| #define SIZEOF_VOID_P 8
| #define HAVE___ATOMIC_LOAD_N 1
| #define HAVE___ATOMIC_STORE_N 1
| #define HAVE_FSEEKO 1
| #define HAVE_NETPACKET_PACKET_H 1
| #define HAVE_STRERROR 1
| #define HAVE_GNU_STRERROR_R /**/
| #define HAVE_VSYSLOG 1
| #define HAVE_VASPRINTF 1
| #define HAVE_ASPRINTF 1
| #define HAVE_STRTOK_R 1
| #define HAVE_FFS 1
| #define STRINGS_H_DECLARES_FFS /**/
| #define HAVE_LINUX_GETNETBYNAME_R 1
| #define HAVE_LINUX_GETPROTOBYNAME_R 1
| #define HAVE_ETHER_HOSTTON 1
| #define NETINET_ETHER_H_DECLARES_ETHER_HOSTTON /**/
| #define HAVE_DECL_ETHER_HOSTTON 1
| #define HAVE_LINUX_SOCKET_H 1
| #define HAVE_LINUX_WIRELESS_H 1
| #define HAVE_STRUCT_TPACKET_AUXDATA_TP_VLAN_TCI 1
| #define HAVE_LINUX_NET_TSTAMP_H 1
| #define HAVE_SOCKLEN_T 1
| #define INET6 1
| #define YYTEXT_POINTER 1
| #define HAVE_STRUCT_SOCKADDR_STORAGE 1
| /* end confdefs.h.  */
| 
| 	#include <sys/types.h>
| 	#include <sys/dlpi.h>
| 	#include <sys/dlpi_ext.h>
| 
| 
| int
| main (void)
| {
| static dl_hp_ppa_info_t ac_aggr;
| if (ac_aggr.dl_module_id_1)
| return 0;
|   ;
|   return 0;
| }
configure:12195: gcc -c -g -O2  conftest.c >&5
conftest.c:47:18: fatal error: sys/dlpi.h: No such file or directory
   47 |         #include <sys/dlpi.h>
      |                  ^~~~~~~~~~~~
compilation terminated.
configure:12195: $? = 1
configure: failed program was:
| /* confdefs.h */
| #define PACKAGE_NAME "pcap"
| #define PACKAGE_TARNAME "pcap"
| #define PACKAGE_VERSION "1.11.0-PRE-GIT"
| #define PACKAGE_STRING "pcap 1.11.0-PRE-GIT"
| #define PACKAGE_BUGREPORT ""
| #define PACKAGE_URL ""
| #define HAVE_STDIO_H 1
| #define HAVE_STDLIB_H 1
| #define HAVE_STRING_H 1
| #define HAVE_INTTYPES_H 1
| #define HAVE_STDINT_H 1
| #define HAVE_STRINGS_H 1
| #define HAVE_SYS_STAT_H 1
| #define HAVE_SYS_TYPES_H 1
| #define HAVE_UNISTD_H 1
| #define STDC_HEADERS 1
| #define SIZEOF_VOID_P 8
| #define HAVE___ATOMIC_LOAD_N 1
| #define HAVE___ATOMIC_STORE_N 1
| #define HAVE_FSEEKO 1
| #define HAVE_NETPACKET_PACKET_H 1
| #define HAVE_STRERROR 1
| #define HAVE_GNU_STRERROR_R /**/
| #define HAVE_VSYSLOG 1
| #define HAVE_VASPRINTF 1
| #define HAVE_ASPRINTF 1
| #define HAVE_STRTOK_R 1
| #define HAVE_FFS 1
| #define STRINGS_H_DECLARES_FFS /**/
| #define HAVE_LINUX_GETNETBYNAME_R 1
| #define HAVE_LINUX_GETPROTOBYNAME_R 1
| #define HAVE_ETHER_HOSTTON 1
| #define NETINET_ETHER_H_DECLARES_ETHER_HOSTTON /**/
| #define HAVE_DECL_ETHER_HOSTTON 1
| #define HAVE_LINUX_SOCKET_H 1
| #define HAVE_LINUX_WIRELESS_H 1
| #define HAVE_STRUCT_TPACKET_AUXDATA_TP_VLAN_TCI 1
| #define HAVE_LINUX_NET_TSTAMP_H 1
| #define HAVE_SOCKLEN_T 1
| #define INET6 1
| #define YYTEXT_POINTER 1
| #define HAVE_STRUCT_SOCKADDR_STORAGE 1
| /* end confdefs.h.  */
| 
| 	#include <sys/types.h>
| 	#include <sys/dlpi.h>
| 	#include <sys/dlpi_ext.h>
| 
| 
| int
| main (void)
| {
| static dl_hp_ppa_info_t ac_aggr;
| if (sizeof ac_aggr.dl_module_id_1)
| return 0;
|   ;
|   return 0;
| }
configure:12195: result: no
configure:12229: checking for Linux usbmon USB sniffing support
configure:12236: result: yes
configure:12253: checking for linux/compiler.h
configure:12253: gcc -c -g -O2  conftest.c >&5
conftest.c:74:10: fatal error: linux/compiler.h: No such file or directory
   74 | #include <linux/compiler.h>
      |          ^~~~~~~~~~~~~~~~~~
compilation terminated.
configure:12253: $? = 1
configure: failed program was:
| /* confdefs.h */
| #define PACKAGE_NAME "pcap"
| #define PACKAGE_TARNAME "pcap"
| #define PACKAGE_VERSION "1.11.0-PRE-GIT"
| #define PACKAGE_STRING "pcap 1.11.0-PRE-GIT"
| #define PACKAGE_BUGREPORT ""
| #define PACKAGE_URL ""
| #define HAVE_STDIO_H 1
| #define HAVE_STDLIB_H 1
| #define HAVE_STRING_H 1
| #define HAVE_INTTYPES_H 1
| #define HAVE_STDINT_H 1
| #define HAVE_STRINGS_H 1
| #define HAVE_SYS_STAT_H 1
| #define HAVE_SYS_TYPES_H 1
| #define HAVE_UNISTD_H 1
| #define STDC_HEADERS 1
| #define SIZEOF_VOID_P 8
| #define HAVE___ATOMIC_LOAD_N 1
| #define HAVE___ATOMIC_STORE_N 1
| #define HAVE_FSEEKO 1
| #define HAVE_NETPACKET_PACKET_H 1
| #define HAVE_STRERROR 1
| #define HAVE_GNU_STRERROR_R /**/
| #define HAVE_VSYSLOG 1
| #define HAVE_VASPRINTF 1
| #define HAVE_ASPRINTF 1
| #define HAVE_STRTOK_R 1
| #define HAVE_FFS 1
| #define STRINGS_H_DECLARES_FFS /**/
| #define HAVE_LINUX_GETNETBYNAME_R 1
| #define HAVE_LINUX_GETPROTOBYNAME_R 1
| #define HAVE_ETHER_HOSTTON 1
| #define NETINET_ETHER_H_DECLARES_ETHER_HOSTTON /**/
| #define HAVE_DECL_ETHER_HOSTTON 1
| #define HAVE_LINUX_SOCKET_H 1
| #define HAVE_LINUX_WIRELESS_H 1
| #define HAVE_STRUCT_TPACKET_AUXDATA_TP_VLAN_TCI 1
| #define HAVE_LINUX_NET_TSTAMP_H 1
| #define HAVE_SOCKLEN_T 1
| #define INET6 1
| #define YYTEXT_POINTER 1
| #define HAVE_STRUCT_SOCKADDR_STORAGE 1
| #define PCAP_SUPPORT_LINUX_USBMON 1
| /* end confdefs.h.  */
| #include <stddef.h>
| #ifdef HAVE_STDIO_H
| # include <stdio.h>
| #endif
| #ifdef HAVE_STDLIB_H
| # include <stdlib.h>
| #endif
| #ifdef HAVE_STRING_H
| # include <string.h>
| #endif
| #ifdef HAVE_INTTYPES_H
| # include <inttypes.h>
| #endif
| #ifdef HAVE_STDINT_H
| # include <stdint.h>
| #endif
| #ifdef HAVE_STRINGS_H
| # include <strings.h>
| #endif
| #ifdef HAVE_SYS_TYPES_H
| # include <sys/types.h>
| #endif
| #ifdef HAVE_SYS_STAT_H
| # include <sys/stat.h>
| #endif
| #ifdef HAVE_UNISTD_H
| # include <unistd.h>
| #endif
| #include <linux/compiler.h>
configure:12253: result: no
configure:12273: checking for linux/usbdevice_fs.h
configure:12273: gcc -c -g -O2  conftest.c >&5
configure:12273: $? = 0
configure:12273: result: yes
configure:12288: checking for struct usbdevfs_ctrltransfer.bRequestType
configure:12288: gcc -c -g -O2  conftest.c >&5
configure:12288: $? = 0
configure:12288: result: yes
configure:12318: checking whether we can compile the netfilter support
configure:12345: gcc -c -g -O2  conftest.c >&5
configure:12345: $? = 0
configure:12354: result: yes
configure:12384: checking whether we can compile the netmap support
configure:12404: gcc -c -g -O2  conftest.c >&5
conftest.c:79:10: fatal error: net/netmap_user.h: No such file or directory
   79 | #include <net/netmap_user.h>
      |          ^~~~~~~~~~~~~~~~~~~
compilation terminated.
configure:12404: $? = 1
configure: failed program was:
| /* confdefs.h */
| #define PACKAGE_NAME "pcap"
| #define PACKAGE_TARNAME "pcap"
| #define PACKAGE_VERSION "1.11.0-PRE-GIT"
| #define PACKAGE_STRING "pcap 1.11.0-PRE-GIT"
| #define PACKAGE_BUGREPORT ""
| #define PACKAGE_URL ""
| #define HAVE_STDIO_H 1
| #define HAVE_STDLIB_H 1
| #define HAVE_STRING_H 1
| #define HAVE_INTTYPES_H 1
| #define HAVE_STDINT_H 1
| #define HAVE_STRINGS_H 1
| #define HAVE_SYS_STAT_H 1
| #define HAVE_SYS_TYPES_H 1
| #define HAVE_UNISTD_H 1
| #define STDC_HEADERS 1
| #define SIZEOF_VOID_P 8
| #define HAVE___ATOMIC_LOAD_N 1
| #define HAVE___ATOMIC_STORE_N 1
| #define HAVE_FSEEKO 1
| #define HAVE_NETPACKET_PACKET_H 1
| #define HAVE_STRERROR 1
| #define HAVE_GNU_STRERROR_R /**/
| #define HAVE_VSYSLOG 1
| #define HAVE_VASPRINTF 1
| #define HAVE_ASPRINTF 1
| #define HAVE_STRTOK_R 1
| #define HAVE_FFS 1
| #define STRINGS_H_DECLARES_FFS /**/
| #define HAVE_LINUX_GETNETBYNAME_R 1
| #define HAVE_LINUX_GETPROTOBYNAME_R 1
| #define HAVE_ETHER_HOSTTON 1
| #define NETINET_ETHER_H_DECLARES_ETHER_HOSTTON /**/
| #define HAVE_DECL_ETHER_HOSTTON 1
| #define HAVE_LINUX_SOCKET_H 1
| #define HAVE_LINUX_WIRELESS_H 1
| #define HAVE_STRUCT_TPACKET_AUXDATA_TP_VLAN_TCI 1
| #define HAVE_LINUX_NET_TSTAMP_H 1
| #define HAVE_SOCKLEN_T 1
| #define INET6 1
| #define YYTEXT_POINTER 1
| #define HAVE_STRUCT_SOCKADDR_STORAGE 1
| #define PCAP_SUPPORT_LINUX_USBMON 1
| #define HAVE_LINUX_USBDEVICE_FS_H 1
| #define HAVE_STRUCT_USBDEVFS_CTRLTRANSFER_BREQUESTTYPE 1
| #define PCAP_SUPPORT_NETFILTER 1
| /* end confdefs.h.  */
| 
| #include <stddef.h>
| #ifdef HAVE_STDIO_H
| # include <stdio.h>
| #endif
| #ifdef HAVE_STDLIB_H
| # include <stdlib.h>
| #endif
| #ifdef HAVE_STRING_H
| # include <string.h>
| #endif
| #ifdef HAVE_INTTYPES_H
| # include <inttypes.h>
| #endif
| #ifdef HAVE_STDINT_H
| # include <stdint.h>
| #endif
| #ifdef HAVE_STRINGS_H
| # include <strings.h>
| #endif
| #ifdef HAVE_SYS_TYPES_H
| # include <sys/types.h>
| #endif
| #ifdef HAVE_SYS_STAT_H
| # include <sys/stat.h>
| #endif
| #ifdef HAVE_UNISTD_H
| # include <unistd.h>
| #endif
| #define NETMAP_WITH_LIBS
| #include <net/netmap_user.h>
| int
| main (void)
| {
| 
|   ;
|   return 0;
| }
configure:12413: result: no
configure:12496: checking for libdpdk with pkg-config
configure:12500: $PKG_CONFIG --exists --print-errors "libdpdk"
Package libdpdk was not found in the pkg-config search path.
Perhaps you should add the directory containing `libdpdk.pc'
to the PKG_CONFIG_PATH environment variable
No package 'libdpdk' found
configure:12503: $? = 1
configure:12587: result: not found
configure:12716: WARNING: We couldn't find DPDK with pkg-config.  If
you want DPDK support, make sure that pkg-config is installed,
that DPDK 18.02.2 or later is installed, and that DPDK provides a
.pc file.
configure:12783: checking for bluetooth/bluetooth.h
configure:12783: gcc -c -g -O2  conftest.c >&5
conftest.c:77:10: fatal error: bluetooth/bluetooth.h: No such file or directory
   77 | #include <bluetooth/bluetooth.h>
      |          ^~~~~~~~~~~~~~~~~~~~~~~
compilation terminated.
configure:12783: $? = 1
configure: failed program was:
| /* confdefs.h */
| #define PACKAGE_NAME "pcap"
| #define PACKAGE_TARNAME "pcap"
| #define PACKAGE_VERSION "1.11.0-PRE-GIT"
| #define PACKAGE_STRING "pcap 1.11.0-PRE-GIT"
| #define PACKAGE_BUGREPORT ""
| #define PACKAGE_URL ""
| #define HAVE_STDIO_H 1
| #define HAVE_STDLIB_H 1
| #define HAVE_STRING_H 1
| #define HAVE_INTTYPES_H 1
| #define HAVE_STDINT_H 1
| #define HAVE_STRINGS_H 1
| #define HAVE_SYS_STAT_H 1
| #define HAVE_SYS_TYPES_H 1
| #define HAVE_UNISTD_H 1
| #define STDC_HEADERS 1
| #define SIZEOF_VOID_P 8
| #define HAVE___ATOMIC_LOAD_N 1
| #define HAVE___ATOMIC_STORE_N 1
| #define HAVE_FSEEKO 1
| #define HAVE_NETPACKET_PACKET_H 1
| #define HAVE_STRERROR 1
| #define HAVE_GNU_STRERROR_R /**/
| #define HAVE_VSYSLOG 1
| #define HAVE_VASPRINTF 1
| #define HAVE_ASPRINTF 1
| #define HAVE_STRTOK_R 1
| #define HAVE_FFS 1
| #define STRINGS_H_DECLARES_FFS /**/
| #define HAVE_LINUX_GETNETBYNAME_R 1
| #define HAVE_LINUX_GETPROTOBYNAME_R 1
| #define HAVE_ETHER_HOSTTON 1
| #define NETINET_ETHER_H_DECLARES_ETHER_HOSTTON /**/
| #define HAVE_DECL_ETHER_HOSTTON 1
| #define HAVE_LINUX_SOCKET_H 1
| #define HAVE_LINUX_WIRELESS_H 1
| #define HAVE_STRUCT_TPACKET_AUXDATA_TP_VLAN_TCI 1
| #define HAVE_LINUX_NET_TSTAMP_H 1
| #define HAVE_SOCKLEN_T 1
| #define INET6 1
| #define YYTEXT_POINTER 1
| #define HAVE_STRUCT_SOCKADDR_STORAGE 1
| #define PCAP_SUPPORT_LINUX_USBMON 1
| #define HAVE_LINUX_USBDEVICE_FS_H 1
| #define HAVE_STRUCT_USBDEVFS_CTRLTRANSFER_BREQUESTTYPE 1
| #define PCAP_SUPPORT_NETFILTER 1
| /* end confdefs.h.  */
| #include <stddef.h>
| #ifdef HAVE_STDIO_H
| # include <stdio.h>
| #endif
| #ifdef HAVE_STDLIB_H
| # include <stdlib.h>
| #endif
| #ifdef HAVE_STRING_H
| # include <string.h>
| #endif
| #ifdef HAVE_INTTYPES_H
| # include <inttypes.h>
| #endif
| #ifdef HAVE_STDINT_H
| # include <stdint.h>
| #endif
| #ifdef HAVE_STRINGS_H
| # include <strings.h>
| #endif
| #ifdef HAVE_SYS_TYPES_H
| # include <sys/types.h>
| #endif
| #ifdef HAVE_SYS_STAT_H
| # include <sys/stat.h>
| #endif
| #ifdef HAVE_UNISTD_H
| # include <unistd.h>
| #endif
| #include <bluetooth/bluetooth.h>
configure:12783: result: no
configure:12871: Bluetooth sniffing is not supported; install bluez-lib devel to enable it
configure:12939: checking for dbus-1 with pkg-config
configure:12943: $PKG_CONFIG --exists --print-errors "dbus-1"
configure:12946: $? = 0
configure:12952: result: found
configure:13034: checking whether the D-Bus library defines dbus_connection_read_write
configure:13052: gcc -o conftest -g -O2 -I/usr/include/dbus-1.0 -I/usr/lib/x86_64-linux-gnu/dbus-1.0/include   conftest.c  -ldbus-1 >&5
configure:13052: $? = 0
configure:13055: result: yes
configure:13123: checking for libibverbs with pkg-config
configure:13127: $PKG_CONFIG --exists --print-errors "libibverbs"
Package libibverbs was not found in the pkg-config search path.
Perhaps you should add the directory containing `libibverbs.pc'
to the PKG_CONFIG_PATH environment variable
No package 'libibverbs' found
configure:13130: $? = 1
configure:13215: result: not found
configure:13228: checking for ibv_get_device_list in -libverbs
configure:13251: gcc -o conftest -g -O2   conftest.c -libverbs   >&5
/usr/bin/ld: cannot find -libverbs: No such file or directory
collect2: error: ld returned 1 exit status
configure:13251: $? = 1
configure: failed program was:
| /* confdefs.h */
| #define PACKAGE_NAME "pcap"
| #define PACKAGE_TARNAME "pcap"
| #define PACKAGE_VERSION "1.11.0-PRE-GIT"
| #define PACKAGE_STRING "pcap 1.11.0-PRE-GIT"
| #define PACKAGE_BUGREPORT ""
| #define PACKAGE_URL ""
| #define HAVE_STDIO_H 1
| #define HAVE_STDLIB_H 1
| #define HAVE_STRING_H 1
| #define HAVE_INTTYPES_H 1
| #define HAVE_STDINT_H 1
| #define HAVE_STRINGS_H 1
| #define HAVE_SYS_STAT_H 1
| #define HAVE_SYS_TYPES_H 1
| #define HAVE_UNISTD_H 1
| #define STDC_HEADERS 1
| #define SIZEOF_VOID_P 8
| #define HAVE___ATOMIC_LOAD_N 1
| #define HAVE___ATOMIC_STORE_N 1
| #define HAVE_FSEEKO 1
| #define HAVE_NETPACKET_PACKET_H 1
| #define HAVE_STRERROR 1
| #define HAVE_GNU_STRERROR_R /**/
| #define HAVE_VSYSLOG 1
| #define HAVE_VASPRINTF 1
| #define HAVE_ASPRINTF 1
| #define HAVE_STRTOK_R 1
| #define HAVE_FFS 1
| #define STRINGS_H_DECLARES_FFS /**/
| #define HAVE_LINUX_GETNETBYNAME_R 1
| #define HAVE_LINUX_GETPROTOBYNAME_R 1
| #define HAVE_ETHER_HOSTTON 1
| #define NETINET_ETHER_H_DECLARES_ETHER_HOSTTON /**/
| #define HAVE_DECL_ETHER_HOSTTON 1
| #define HAVE_LINUX_SOCKET_H 1
| #define HAVE_LINUX_WIRELESS_H 1
| #define HAVE_STRUCT_TPACKET_AUXDATA_TP_VLAN_TCI 1
| #define HAVE_LINUX_NET_TSTAMP_H 1
| #define HAVE_SOCKLEN_T 1
| #define INET6 1
| #define YYTEXT_POINTER 1
| #define HAVE_STRUCT_SOCKADDR_STORAGE 1
| #define PCAP_SUPPORT_LINUX_USBMON 1
| #define HAVE_LINUX_USBDEVICE_FS_H 1
| #define HAVE_STRUCT_USBDEVFS_CTRLTRANSFER_BREQUESTTYPE 1
| #define PCAP_SUPPORT_NETFILTER 1
| #define PCAP_SUPPORT_DBUS 1
| /* end confdefs.h.  */
| 
| /* Override any GCC internal prototype to avoid an error.
|    Use char because int might match the return type of a GCC
|    builtin and then its argument prototype would still apply.  */
| char ibv_get_device_list ();
| int
| main (void)
| {
| return ibv_get_device_list ();
|   ;
|   return 0;
| }
configure:13261: result: no
configure:13434: checking for a BSD-compatible install
configure:13507: result: /usr/bin/install -c
configure:13654: creating ./config.status

## ---------------------- ##
## Running config.status. ##
## ---------------------- ##

This file was extended by pcap config.status 1.11.0-PRE-GIT, which was
generated by GNU Autoconf 2.71.  Invocation command line was

  CONFIG_FILES    = 
  CONFIG_HEADERS  = 
  CONFIG_LINKS    = 
  CONFIG_COMMANDS = 
  $ ./config.status 

on TimPC

config.status:925: creating Makefile
config.status:925: creating grammar.y
config.status:925: creating pcap-filter.manmisc
config.status:925: creating pcap-linktype.manmisc
config.status:925: creating pcap-tstamp.manmisc
config.status:925: creating cbpf-savefile.manfile
config.status:925: creating pcap-savefile.manfile
config.status:925: creating pcap.3pcap
config.status:925: creating pcap_compile.3pcap
config.status:925: creating pcap_datalink.3pcap
config.status:925: creating pcap_dump_open.3pcap
config.status:925: creating pcap_get_tstamp_precision.3pcap
config.status:925: creating pcap_list_datalinks.3pcap
config.status:925: creating pcap_list_tstamp_types.3pcap
config.status:925: creating pcap_open_dead.3pcap
config.status:925: creating pcap_open_offline.3pcap
config.status:925: creating pcap_set_immediate_mode.3pcap
config.status:925: creating pcap_set_tstamp_precision.3pcap
config.status:925: creating pcap_set_tstamp_type.3pcap
config.status:925: creating rpcapd/Makefile
config.status:925: creating rpcapd/rpcapd.manadmin
config.status:925: creating rpcapd/rpcapd-config.manfile
config.status:925: creating testprogs/Makefile
config.status:925: creating config.h
config.status:1114: executing .devel commands

## ---------------- ##
## Cache variables. ##
## ---------------- ##

ac_cv_build=x86_64-pc-linux-gnu
ac_cv_c_compiler_gnu=yes
ac_cv_c_inline=inline
ac_cv_c_undeclared_builtin_options='none needed'
ac_cv_env_CC_set=
ac_cv_env_CC_value=
ac_cv_env_CFLAGS_set=
ac_cv_env_CFLAGS_value=
ac_cv_env_CPPFLAGS_set=
ac_cv_env_CPPFLAGS_value=
ac_cv_env_DBUS_CFLAGS_set=
ac_cv_env_DBUS_CFLAGS_value=
ac_cv_env_DBUS_LIBS_STATIC_set=
ac_cv_env_DBUS_LIBS_STATIC_value=
ac_cv_env_DBUS_LIBS_set=
ac_cv_env_DBUS_LIBS_value=
ac_cv_env_DPDK_CFLAGS_set=
ac_cv_env_DPDK_CFLAGS_value=
ac_cv_env_DPDK_LIBS_STATIC_set=
ac_cv_env_DPDK_LIBS_STATIC_value=
ac_cv_env_DPDK_LIBS_set=
ac_cv_env_DPDK_LIBS_value=
ac_cv_env_LDFLAGS_set=
ac_cv_env_LDFLAGS_value=
ac_cv_env_LIBIBVERBS_CFLAGS_set=
ac_cv_env_LIBIBVERBS_CFLAGS_value=
ac_cv_env_LIBIBVERBS_LIBS_STATIC_set=
ac_cv_env_LIBIBVERBS_LIBS_STATIC_value=
ac_cv_env_LIBIBVERBS_LIBS_set=
ac_cv_env_LIBIBVERBS_LIBS_value=
ac_cv_env_LIBNL_CFLAGS_set=
ac_cv_env_LIBNL_CFLAGS_value=
ac_cv_env_LIBNL_LIBS_STATIC_set=
ac_cv_env_LIBNL_LIBS_STATIC_value=
ac_cv_env_LIBNL_LIBS_set=
ac_cv_env_LIBNL_LIBS_value=
ac_cv_env_LIBS_set=
ac_cv_env_LIBS_value=
ac_cv_env_OPENSSL_CFLAGS_set=
ac_cv_env_OPENSSL_CFLAGS_value=
ac_cv_env_OPENSSL_LIBS_STATIC_set=
ac_cv_env_OPENSSL_LIBS_STATIC_value=
ac_cv_env_OPENSSL_LIBS_set=
ac_cv_env_OPENSSL_LIBS_value=
ac_cv_env_PKG_CONFIG_LIBDIR_set=
ac_cv_env_PKG_CONFIG_LIBDIR_value=
ac_cv_env_PKG_CONFIG_PATH_set=
ac_cv_env_PKG_CONFIG_PATH_value=
ac_cv_env_PKG_CONFIG_set=
ac_cv_env_PKG_CONFIG_value=
ac_cv_env_build_alias_set=
ac_cv_env_build_alias_value=
ac_cv_env_host_alias_set=
ac_cv_env_host_alias_value=
ac_cv_env_target_alias_set=
ac_cv_env_target_alias_value=
ac_cv_func_asprintf=yes
ac_cv_func_ether_hostton=yes
ac_cv_func_ffs=yes
ac_cv_func_getaddrinfo=yes
ac_cv_func_getifaddrs=yes
ac_cv_func_pthread_create=yes
ac_cv_func_snprintf=yes
ac_cv_func_strerror=yes
ac_cv_func_strerror_r=yes
ac_cv_func_strlcat=no
ac_cv_func_strlcpy=no
ac_cv_func_strtok_r=yes
ac_cv_func_vasprintf=yes
ac_cv_func_vsnprintf=yes
ac_cv_func_vsyslog=yes
ac_cv_have_decl_ether_hostton=yes
ac_cv_have_decl_ffs=yes
ac_cv_have_decl_getnetbyname_r=yes
ac_cv_have_decl_getprotobyname_r=yes
ac_cv_header_bluetooth_bluetooth_h=no
ac_cv_header_config_HaikuConfig_h=no
ac_cv_header_dagapi_h=no
ac_cv_header_hurd_h=no
ac_cv_header_ifaddrs_h=yes
ac_cv_header_inttypes_h=yes
ac_cv_header_linux_compiler_h=no
ac_cv_header_linux_net_tstamp_h=yes
ac_cv_header_linux_socket_h=yes
ac_cv_header_linux_usbdevice_fs_h=yes
ac_cv_header_linux_wireless_h=yes
ac_cv_header_net_bpf_h=no
ac_cv_header_net_enet_h=no
ac_cv_header_net_nit_h=no
ac_cv_header_net_pfilt_h=no
ac_cv_header_net_raw_h=no
ac_cv_header_netpacket_packet_h=yes
ac_cv_header_pthread_h=yes
ac_cv_header_stdint_h=yes
ac_cv_header_stdio_h=yes
ac_cv_header_stdlib_h=yes
ac_cv_header_string_h=yes
ac_cv_header_strings_h=yes
ac_cv_header_sys_dlpi_h=no
ac_cv_header_sys_ioccom_h=no
ac_cv_header_sys_net_nit_h=no
ac_cv_header_sys_sockio_h=no
ac_cv_header_sys_stat_h=yes
ac_cv_header_sys_types_h=yes
ac_cv_header_unistd_h=yes
ac_cv_host=x86_64-pc-linux-gnu
ac_cv_lbl_septel_api=no
ac_cv_lbl_snf_api=no
ac_cv_lbl_turbocap_api=no
ac_cv_lib_ibverbs_ibv_get_device_list=no
ac_cv_lib_lex='none needed'
ac_cv_lib_nl_3_nl_socket_alloc=no
ac_cv_member_dl_hp_ppa_info_t_dl_module_id_1=no
ac_cv_member_struct_sockaddr_sa_len=no
ac_cv_member_struct_tpacket_auxdata_tp_vlan_tci=yes
ac_cv_member_struct_usbdevfs_ctrltransfer_bRequestType=yes
ac_cv_net_netmap_user_can_compile=no
ac_cv_netfilter_can_compile=yes
ac_cv_objext=o
ac_cv_path_ac_pt_PKG_CONFIG=/usr/bin/pkg-config
ac_cv_path_install='/usr/bin/install -c'
ac_cv_prog_BISON_BYACC=bison
ac_cv_prog_LEX=flex
ac_cv_prog_ac_ct_AR=ar
ac_cv_prog_ac_ct_CC=gcc
ac_cv_prog_ac_ct_RANLIB=ranlib
ac_cv_prog_cc_c11=
ac_cv_prog_cc_g=yes
ac_cv_prog_cc_stdc=
ac_cv_prog_lex_root=lex.yy
ac_cv_prog_lex_yytext_pointer=yes
ac_cv_search_putmsg=no
ac_cv_sizeof_void_p=8
ac_cv_sys_file_offset_bits=no
ac_cv_sys_largefile_CC=no
ac_cv_sys_largefile_source=no
ac_cv_type_socklen_t=yes
ac_cv_type_struct_sockaddr_storage=yes
tcpdump_cv_capable_lex=yes

## ----------------- ##
## Output variables. ##
## ----------------- ##

ADDLARCHIVEOBJS=''
ADDLOBJS=''
AR='ar'
BISON_BYACC='bison'
BREW=''
BUILD_RPCAPD=''
CC='gcc'
CFLAGS='-g -O2'
CPPFLAGS=''
DBUS_CFLAGS='-I/usr/include/dbus-1.0 -I/usr/lib/x86_64-linux-gnu/dbus-1.0/include'
DBUS_LIBS='-ldbus-1'
DBUS_LIBS_STATIC='-ldbus-1 -lsystemd'
DEFS='-DHAVE_CONFIG_H'
DEPENDENCY_CFLAG=''
DPDK_CFLAGS=''
DPDK_LIBS=''
DPDK_LIBS_STATIC=''
DYEXT='so'
ECHO_C=''
ECHO_N='-n'
ECHO_T=''
EXEEXT=''
INSTALL_DATA='${INSTALL} -m 644'
INSTALL_PROGRAM='${INSTALL}'
INSTALL_RPCAPD=''
INSTALL_SCRIPT='${INSTALL}'
LDFLAGS=''
LEX='flex'
LEXLIB=''
LEX_OUTPUT_ROOT='lex.yy'
LIBIBVERBS_CFLAGS=''
LIBIBVERBS_LIBS=''
LIBIBVERBS_LIBS_STATIC=''
LIBNL_CFLAGS=''
LIBNL_LIBS=''
LIBNL_LIBS_STATIC=''
LIBOBJS=' ${LIBOBJDIR}strlcat$U.o ${LIBOBJDIR}strlcpy$U.o'
LIBS=' -ldbus-1 '
LIBS_PRIVATE=''
LIBS_STATIC=' -ldbus-1 -lsystemd '
LN_S='ln -s'
LTLIBOBJS=' ${LIBOBJDIR}strlcat$U.lo ${LIBOBJDIR}strlcpy$U.lo'
MAN_ADMIN_COMMANDS='8'
MAN_DEVICES='4'
MAN_FILE_FORMATS='5'
MAN_MISC_INFO='7'
MKDEP=''
MODULE_C_SRC=' pcap-usb-linux.c pcap-netfilter-linux.c pcap-dbus.c'
OBJEXT='o'
OPENSSL_CFLAGS=''
OPENSSL_LIBS=''
OPENSSL_LIBS_STATIC=''
PACKAGE_BUGREPORT=''
PACKAGE_NAME='pcap'
PACKAGE_STRING='pcap 1.11.0-PRE-GIT'
PACKAGE_TARNAME='pcap'
PACKAGE_URL=''
PACKAGE_VERSION='1.11.0-PRE-GIT'
PATH_SEPARATOR=':'
PCAP_SUPPORT_BT=''
PCAP_SUPPORT_DBUS=''
PCAP_SUPPORT_DPDK=''
PCAP_SUPPORT_LINUX_USBMON=''
PCAP_SUPPORT_NETFILTER=''
PCAP_SUPPORT_NETMAP=''
PCAP_SUPPORT_RDMASNIFF=''
PKG_CONFIG='/usr/bin/pkg-config'
PKG_CONFIG_LIBDIR=''
PKG_CONFIG_PATH=''
PLATFORM_C_SRC='pcap-linux.c fad-getad.c'
PTHREAD_LIBS=''
RANLIB='ranlib'
REENTRANT_PARSER='%define api.pure'
REMOTE_C_SRC=''
REQUIRES_PRIVATE=' dbus-1'
RPATH='-Wl,-rpath,${libdir}'
RPCAPD_LIBS=''
SHELL='/bin/bash'
VALGRINDTEST_SRC='valgrindtest.c'
V_CCOPT=' -fvisibility=hidden'
V_DEFS=''
V_INCLS=' -I/usr/include/dbus-1.0 -I/usr/lib/x86_64-linux-gnu/dbus-1.0/include'
V_LIB_CCOPT_FAT=''
V_LIB_LDFLAGS_FAT=''
V_PROG_CCOPT_FAT=''
V_PROG_LDFLAGS_FAT=''
V_SHLIB_CCOPT=' -fpic'
V_SHLIB_CMD='$(CC)'
V_SHLIB_OPT='-shared'
V_SONAME_OPT='-Wl,-soname,'
ac_ct_CC='gcc'
bindir='${exec_prefix}/bin'
build='x86_64-pc-linux-gnu'
build_alias=''
build_cpu='x86_64'
build_os='linux-gnu'
build_vendor='pc'
datadir='${datarootdir}'
datarootdir='${prefix}/share'
docdir='${datarootdir}/doc/${PACKAGE_TARNAME}'
dvidir='${docdir}'
exec_prefix='${prefix}'
host='x86_64-pc-linux-gnu'
host_alias=''
host_cpu='x86_64'
host_os='linux-gnu'
host_vendor='pc'
htmldir='${docdir}'
includedir='${prefix}/include'
infodir='${datarootdir}/info'
libdir='${exec_prefix}/lib'
libexecdir='${exec_prefix}/libexec'
localedir='${datarootdir}/locale'
localstatedir='${prefix}/var'
mandir='${datarootdir}/man'
oldincludedir='/usr/include'
pdfdir='${docdir}'
prefix='/usr/local'
program_transform_name='s,x,x,'
psdir='${docdir}'
runstatedir='${localstatedir}/run'
sbindir='${exec_prefix}/sbin'
sharedstatedir='${prefix}/com'
sysconfdir='${prefix}/etc'
target_alias=''

## ----------- ##
## confdefs.h. ##
## ----------- ##

/* confdefs.h */
#define PACKAGE_NAME "pcap"
#define PACKAGE_TARNAME "pcap"
#define PACKAGE_VERSION "1.11.0-PRE-GIT"
#define PACKAGE_STRING "pcap 1.11.0-PRE-GIT"
#define PACKAGE_BUGREPORT ""
#define PACKAGE_URL ""
#define HAVE_STDIO_H 1
#define HAVE_STDLIB_H 1
#define HAVE_STRING_H 1
#define HAVE_INTTYPES_H 1
#define HAVE_STDINT_H 1
#define HAVE_STRINGS_H 1
#define HAVE_SYS_STAT_H 1
#define HAVE_SYS_TYPES_H 1
#define HAVE_UNISTD_H 1
#define STDC_HEADERS 1
#define SIZEOF_VOID_P 8
#define HAVE___ATOMIC_LOAD_N 1
#define HAVE___ATOMIC_STORE_N 1
#define HAVE_FSEEKO 1
#define HAVE_NETPACKET_PACKET_H 1
#define HAVE_STRERROR 1
#define HAVE_GNU_STRERROR_R /**/
#define HAVE_VSYSLOG 1
#define HAVE_VASPRINTF 1
#define HAVE_ASPRINTF 1
#define HAVE_STRTOK_R 1
#define HAVE_FFS 1
#define STRINGS_H_DECLARES_FFS /**/
#define HAVE_LINUX_GETNETBYNAME_R 1
#define HAVE_LINUX_GETPROTOBYNAME_R 1
#define HAVE_ETHER_HOSTTON 1
#define NETINET_ETHER_H_DECLARES_ETHER_HOSTTON /**/
#define HAVE_DECL_ETHER_HOSTTON 1
#define HAVE_LINUX_SOCKET_H 1
#define HAVE_LINUX_WIRELESS_H 1
#define HAVE_STRUCT_TPACKET_AUXDATA_TP_VLAN_TCI 1
#define HAVE_LINUX_NET_TSTAMP_H 1
#define HAVE_SOCKLEN_T 1
#define INET6 1
#define YYTEXT_POINTER 1
#define HAVE_STRUCT_SOCKADDR_STORAGE 1
#define PCAP_SUPPORT_LINUX_USBMON 1
#define HAVE_LINUX_USBDEVICE_FS_H 1
#define HAVE_STRUCT_USBDEVFS_CTRLTRANSFER_BREQUESTTYPE 1
#define PCAP_SUPPORT_NETFILTER 1
#define PCAP_SUPPORT_DBUS 1

configure: exit 0

## ---------------------- ##
## Running config.status. ##
## ---------------------- ##

This file was extended by pcap config.status 1.11.0-PRE-GIT, which was
generated by GNU Autoconf 2.71.  Invocation command line was

  CONFIG_FILES    = 
  CONFIG_HEADERS  = 
  CONFIG_LINKS    = 
  CONFIG_COMMANDS = 
  $ ./config.status --file=libpcap.pc.tmp:./libpcap.pc.in

on TimPC

config.status:925: creating libpcap.pc.tmp

## ---------------------- ##
## Running config.status. ##
## ---------------------- ##

This file was extended by pcap config.status 1.11.0-PRE-GIT, which was
generated by GNU Autoconf 2.71.  Invocation command line was

  CONFIG_FILES    = 
  CONFIG_HEADERS  = 
  CONFIG_LINKS    = 
  CONFIG_COMMANDS = 
  $ ./config.status --file=pcap-config.tmp:./pcap-config.in

on TimPC

config.status:925: creating pcap-config.tmp
